<!DOCTYPE html PUBLIC "-//W3C//DTD XHTML 1.1//EN" "http://www.w3.org/TR/xhtml11/DTD/xhtml11.dtd">
<html xmlns="http://www.w3.org/1999/xhtml">
<head>
<meta http-equiv="content-type" content="text/html; charset=UTF-8"/>
<title>TestNG Report</title>
<style type="text/css">table {margin-bottom:10px;border-collapse:collapse;empty-cells:show}th,td {border:1px solid #009;padding:.25em .5em}th {vertical-align:bottom}td {vertical-align:top}table a {font-weight:bold}.stripe td {background-color: #E6EBF9}.num {text-align:right}.passedodd td {background-color: #3F3}.passedeven td {background-color: #0A0}.skippedodd td {background-color: #DDD}.skippedeven td {background-color: #CCC}.failedodd td,.attn {background-color: #F33}.failedeven td,.stripe .attn {background-color: #D00}.stacktrace {white-space:pre;font-family:monospace}.totop {font-size:85%;text-align:center;border-bottom:2px solid #000}.invisible {display:none}</style>
</head>
<body>
<table>
<tr><th>Test</th><th># Passed</th><th># Skipped</th><th># Failed</th><th>Time (ms)</th><th>Included Groups</th><th>Excluded Groups</th></tr>
<tr><th colspan="7">Suite</th></tr>
<tr><td><a href="#t0">Chrome on mac</a></td><td class="num">8</td><td class="num">0</td><td class="num attn">19</td><td class="num">24,469</td><td></td><td></td></tr>
</table>
<table id='summary'><thead><tr><th>Class</th><th>Method</th><th>Start</th><th>Time (ms)</th></tr></thead><tbody><tr><th colspan="4">Suite</th></tr></tbody><tbody id="t0"><tr><th colspan="4">Chrome on mac &#8212; failed</th></tr><tr class="failedeven"><td rowspan="16">com.mobicom.tests.AddFacilityTest</td><td><a href="#m0">clickAddFacilitiesInMenu</a></td><td rowspan="1">1524660473334</td><td rowspan="1">7</td></tr><tr class="failedeven"><td><a href="#m1">clickClubFacilitiesInMenu</a></td><td rowspan="1">1524660473268</td><td rowspan="1">15</td></tr><tr class="failedeven"><td><a href="#m2">clickDaysOfWeekButton</a></td><td rowspan="1">1524660473545</td><td rowspan="1">11</td></tr><tr class="failedeven"><td><a href="#m3">clickSaveButton</a></td><td rowspan="1">1524660473559</td><td rowspan="1">10</td></tr><tr class="failedeven"><td><a href="#m4">clickSelectImage</a></td><td rowspan="1">1524660473345</td><td rowspan="1">38</td></tr><tr class="failedeven"><td><a href="#m5">deleteFacility</a></td><td rowspan="1">1524660473588</td><td rowspan="1">11</td></tr><tr class="failedeven"><td><a href="#m6">enterFacilityCancellationPolicy</a></td><td rowspan="1">1524660473532</td><td rowspan="1">9</td></tr><tr class="failedeven"><td><a href="#m7">enterFacilityDescription</a></td><td rowspan="1">1524660473451</td><td rowspan="1">32</td></tr><tr class="failedeven"><td><a href="#m8">enterFacilityName</a></td><td rowspan="1">1524660473416</td><td rowspan="1">11</td></tr><tr class="failedeven"><td><a href="#m9">enterFacilityRules</a></td><td rowspan="1">1524660473486</td><td rowspan="1">40</td></tr><tr class="failedeven"><td><a href="#m10">publishNewfacility</a></td><td rowspan="1">1524660473573</td><td rowspan="1">10</td></tr><tr class="failedeven"><td><a href="#m11">selectAnImage</a></td><td rowspan="1">1524660473390</td><td rowspan="1">18</td></tr><tr class="failedeven"><td><a href="#m12">selectFacilityCategory</a></td><td rowspan="1">1524660473432</td><td rowspan="1">8</td></tr><tr class="failedeven"><td><a href="#m13">verifyClubFacilitiesElements</a></td><td rowspan="3">1524660473305</td><td rowspan="3">12</td></tr><tr class="failedeven"><td><a href="#m14">verifyClubFacilitiesElements</a></td></tr><tr class="failedeven"><td><a href="#m15">verifyClubFacilitiesElements</a></td></tr><tr class="failedodd"><td rowspan="3">com.mobicom.tests.HomePageTest</td><td><a href="#m16">clickBasicInfoInMenu</a></td><td rowspan="1">1524660464698</td><td rowspan="1">8535</td></tr><tr class="failedodd"><td><a href="#m17">clickClubFacilitiesInMenu</a></td><td rowspan="1">1524660473237</td><td rowspan="1">22</td></tr><tr class="failedodd"><td><a href="#m18">clickClubProfileInMenu</a></td><td rowspan="1">1524660453982</td><td rowspan="1">10710</td></tr><tr><th colspan="4">Chrome on mac &#8212; passed</th></tr><tr class="passedeven"><td rowspan="4">com.mobicom.tests.HomePageTest</td><td><a href="#m19">clickDashboardInMenu</a></td><td rowspan="1">1524660453374</td><td rowspan="1">605</td></tr><tr class="passedeven"><td><a href="#m20">testHomePageElements</a></td><td rowspan="3">1524660453301</td><td rowspan="3">43</td></tr><tr class="passedeven"><td><a href="#m21">testHomePageElements</a></td></tr><tr class="passedeven"><td><a href="#m22">testHomePageElements</a></td></tr><tr class="passedodd"><td rowspan="4">com.mobicom.tests.LoginTest</td><td><a href="#m23">loginToClub</a></td><td rowspan="1">1524660452440</td><td rowspan="1">828</td></tr><tr class="passedodd"><td><a href="#m24">testLoginPageElements</a></td><td rowspan="3">1524660452409</td><td rowspan="3">26</td></tr><tr class="passedodd"><td><a href="#m25">testLoginPageElements</a></td></tr><tr class="passedodd"><td><a href="#m26">testLoginPageElements</a></td></tr></tbody>
</table>
<h2>Chrome on mac</h2><h3 id="m0">com.mobicom.tests.AddFacilityTest#clickAddFacilitiesInMenu</h3><table class="result"><tr><th>Exception</th></tr><tr><td><div class="stacktrace">org.openqa.selenium.UnsupportedCommandException: A session with id = &apos;FA7C9533-8A52-441C-AFE9-57B4A37B77DF&apos; was not found.
Command duration or timeout: 6 milliseconds
Build info: version: &apos;3.11.0&apos;, revision: &apos;e59cfb3&apos;, time: &apos;2018-03-11T20:33:15.31Z&apos;
System info: host: &apos;Mobicoms-Mac-mini-2.local&apos;, ip: &apos;fe80:0:0:0:1429:950e:2263:4826%en0&apos;, os.name: &apos;Mac OS X&apos;, os.arch: &apos;x86_64&apos;, os.version: &apos;10.13.3&apos;, java.version: &apos;1.8.0_144&apos;
Driver info: org.openqa.selenium.safari.SafariDriver
Capabilities {applicationCacheEnabled: true, browserName: safari, cleanSession: true, cssSelectorsEnabled: true, databaseEnabled: true, handlesAlerts: true, javascriptEnabled: true, locationContextEnabled: false, nativeEvents: true, platform: MAC, platformName: MAC, rotatable: false, version: 13604.5.6, webStorageEnabled: true}
Session ID: FA7C9533-8A52-441C-AFE9-57B4A37B77DF
*** Element info: {Using=xpath, value=//a/b[text()=&apos;Published&apos;]}
	at org.openqa.selenium.remote.ErrorHandler.createThrowable(ErrorHandler.java:214)
	at org.openqa.selenium.remote.ErrorHandler.throwIfResponseFailed(ErrorHandler.java:166)
	at org.openqa.selenium.remote.RemoteWebDriver.execute(RemoteWebDriver.java:579)
	at org.openqa.selenium.remote.RemoteWebDriver.findElements(RemoteWebDriver.java:346)
	at org.openqa.selenium.remote.RemoteWebDriver.findElementsByXPath(RemoteWebDriver.java:425)
	at org.openqa.selenium.By$ByXPath.findElements(By.java:356)
	at org.openqa.selenium.remote.RemoteWebDriver.findElements(RemoteWebDriver.java:307)
	at com.mobicom.helpers.Utility.getMultipleElements(Utility.java:73)
	at com.mobicom.tests.AddFacilityTest.clickAddFacilitiesInMenu(AddFacilityTest.java:56)
... Removed 29 stack frames</div></td></tr></table><p class="totop"><a href="#summary">back to summary</a></p>
<h3 id="m1">com.mobicom.tests.AddFacilityTest#clickClubFacilitiesInMenu</h3><table class="result"><tr><th>Exception</th></tr><tr><td><div class="stacktrace">org.openqa.selenium.UnsupportedCommandException: A session with id = &apos;FA7C9533-8A52-441C-AFE9-57B4A37B77DF&apos; was not found.
Command duration or timeout: 13 milliseconds
Build info: version: &apos;3.11.0&apos;, revision: &apos;e59cfb3&apos;, time: &apos;2018-03-11T20:33:15.31Z&apos;
System info: host: &apos;Mobicoms-Mac-mini-2.local&apos;, ip: &apos;fe80:0:0:0:1429:950e:2263:4826%en0&apos;, os.name: &apos;Mac OS X&apos;, os.arch: &apos;x86_64&apos;, os.version: &apos;10.13.3&apos;, java.version: &apos;1.8.0_144&apos;
Driver info: org.openqa.selenium.safari.SafariDriver
Capabilities {applicationCacheEnabled: true, browserName: safari, cleanSession: true, cssSelectorsEnabled: true, databaseEnabled: true, handlesAlerts: true, javascriptEnabled: true, locationContextEnabled: false, nativeEvents: true, platform: MAC, platformName: MAC, rotatable: false, version: 13604.5.6, webStorageEnabled: true}
Session ID: FA7C9533-8A52-441C-AFE9-57B4A37B77DF
*** Element info: {Using=xpath, value=//span[text()=&apos;Club Profile&apos;]}
	at org.openqa.selenium.remote.ErrorHandler.createThrowable(ErrorHandler.java:214)
	at org.openqa.selenium.remote.ErrorHandler.throwIfResponseFailed(ErrorHandler.java:166)
	at org.openqa.selenium.remote.RemoteWebDriver.execute(RemoteWebDriver.java:579)
	at org.openqa.selenium.remote.RemoteWebDriver.findElements(RemoteWebDriver.java:346)
	at org.openqa.selenium.remote.RemoteWebDriver.findElementsByXPath(RemoteWebDriver.java:425)
	at org.openqa.selenium.By$ByXPath.findElements(By.java:356)
	at org.openqa.selenium.remote.RemoteWebDriver.findElements(RemoteWebDriver.java:307)
	at org.openqa.selenium.support.ui.ExpectedConditions.findElement(ExpectedConditions.java:895)
	at org.openqa.selenium.support.ui.ExpectedConditions.access$000(ExpectedConditions.java:44)
	at org.openqa.selenium.support.ui.ExpectedConditions$7.apply(ExpectedConditions.java:206)
	at org.openqa.selenium.support.ui.ExpectedConditions$7.apply(ExpectedConditions.java:202)
	at org.openqa.selenium.support.ui.ExpectedConditions$22.apply(ExpectedConditions.java:657)
	at org.openqa.selenium.support.ui.ExpectedConditions$22.apply(ExpectedConditions.java:654)
	at org.openqa.selenium.support.ui.FluentWait.until(FluentWait.java:248)
	at com.mobicom.helpers.Utility.waitForElement(Utility.java:38)
	at com.mobicom.helpers.Utility.findElement(Utility.java:53)
	at com.mobicom.tests.AddFacilityTest.clickClubFacilitiesInMenu(AddFacilityTest.java:36)
... Removed 29 stack frames</div></td></tr></table><p class="totop"><a href="#summary">back to summary</a></p>
<h3 id="m2">com.mobicom.tests.AddFacilityTest#clickDaysOfWeekButton</h3><table class="result"><tr><th>Exception</th></tr><tr><td><div class="stacktrace">org.openqa.selenium.UnsupportedCommandException: A session with id = &apos;FA7C9533-8A52-441C-AFE9-57B4A37B77DF&apos; was not found.
Command duration or timeout: 8 milliseconds
Build info: version: &apos;3.11.0&apos;, revision: &apos;e59cfb3&apos;, time: &apos;2018-03-11T20:33:15.31Z&apos;
System info: host: &apos;Mobicoms-Mac-mini-2.local&apos;, ip: &apos;fe80:0:0:0:1429:950e:2263:4826%en0&apos;, os.name: &apos;Mac OS X&apos;, os.arch: &apos;x86_64&apos;, os.version: &apos;10.13.3&apos;, java.version: &apos;1.8.0_144&apos;
Driver info: org.openqa.selenium.safari.SafariDriver
Capabilities {applicationCacheEnabled: true, browserName: safari, cleanSession: true, cssSelectorsEnabled: true, databaseEnabled: true, handlesAlerts: true, javascriptEnabled: true, locationContextEnabled: false, nativeEvents: true, platform: MAC, platformName: MAC, rotatable: false, version: 13604.5.6, webStorageEnabled: true}
Session ID: FA7C9533-8A52-441C-AFE9-57B4A37B77DF
*** Element info: {Using=xpath, value=//span[@class=&apos;multiselect-selected-text&apos;]}
	at org.openqa.selenium.remote.ErrorHandler.createThrowable(ErrorHandler.java:214)
	at org.openqa.selenium.remote.ErrorHandler.throwIfResponseFailed(ErrorHandler.java:166)
	at org.openqa.selenium.remote.RemoteWebDriver.execute(RemoteWebDriver.java:579)
	at org.openqa.selenium.remote.RemoteWebDriver.findElements(RemoteWebDriver.java:346)
	at org.openqa.selenium.remote.RemoteWebDriver.findElementsByXPath(RemoteWebDriver.java:425)
	at org.openqa.selenium.By$ByXPath.findElements(By.java:356)
	at org.openqa.selenium.remote.RemoteWebDriver.findElements(RemoteWebDriver.java:307)
	at org.openqa.selenium.support.ui.ExpectedConditions.findElement(ExpectedConditions.java:895)
	at org.openqa.selenium.support.ui.ExpectedConditions.access$000(ExpectedConditions.java:44)
	at org.openqa.selenium.support.ui.ExpectedConditions$7.apply(ExpectedConditions.java:206)
	at org.openqa.selenium.support.ui.ExpectedConditions$7.apply(ExpectedConditions.java:202)
	at org.openqa.selenium.support.ui.ExpectedConditions$22.apply(ExpectedConditions.java:657)
	at org.openqa.selenium.support.ui.ExpectedConditions$22.apply(ExpectedConditions.java:654)
	at org.openqa.selenium.support.ui.FluentWait.until(FluentWait.java:248)
	at com.mobicom.helpers.Utility.waitForElement(Utility.java:38)
	at com.mobicom.helpers.Utility.findElement(Utility.java:53)
	at com.mobicom.tests.AddFacilityTest.clickDaysOfWeekButton(AddFacilityTest.java:116)
... Removed 29 stack frames</div></td></tr></table><p class="totop"><a href="#summary">back to summary</a></p>
<h3 id="m3">com.mobicom.tests.AddFacilityTest#clickSaveButton</h3><table class="result"><tr><th>Exception</th></tr><tr><td><div class="stacktrace">org.openqa.selenium.UnsupportedCommandException: A session with id = &apos;FA7C9533-8A52-441C-AFE9-57B4A37B77DF&apos; was not found.
Command duration or timeout: 7 milliseconds
Build info: version: &apos;3.11.0&apos;, revision: &apos;e59cfb3&apos;, time: &apos;2018-03-11T20:33:15.31Z&apos;
System info: host: &apos;Mobicoms-Mac-mini-2.local&apos;, ip: &apos;fe80:0:0:0:1429:950e:2263:4826%en0&apos;, os.name: &apos;Mac OS X&apos;, os.arch: &apos;x86_64&apos;, os.version: &apos;10.13.3&apos;, java.version: &apos;1.8.0_144&apos;
Driver info: org.openqa.selenium.safari.SafariDriver
Capabilities {applicationCacheEnabled: true, browserName: safari, cleanSession: true, cssSelectorsEnabled: true, databaseEnabled: true, handlesAlerts: true, javascriptEnabled: true, locationContextEnabled: false, nativeEvents: true, platform: MAC, platformName: MAC, rotatable: false, version: 13604.5.6, webStorageEnabled: true}
Session ID: FA7C9533-8A52-441C-AFE9-57B4A37B77DF
*** Element info: {Using=xpath, value=//input[@value=&apos;multiselect-all&apos; and @type=&apos;checkbox&apos;]}
	at org.openqa.selenium.remote.ErrorHandler.createThrowable(ErrorHandler.java:214)
	at org.openqa.selenium.remote.ErrorHandler.throwIfResponseFailed(ErrorHandler.java:166)
	at org.openqa.selenium.remote.RemoteWebDriver.execute(RemoteWebDriver.java:579)
	at org.openqa.selenium.remote.RemoteWebDriver.findElements(RemoteWebDriver.java:346)
	at org.openqa.selenium.remote.RemoteWebDriver.findElementsByXPath(RemoteWebDriver.java:425)
	at org.openqa.selenium.By$ByXPath.findElements(By.java:356)
	at org.openqa.selenium.remote.RemoteWebDriver.findElements(RemoteWebDriver.java:307)
	at org.openqa.selenium.support.ui.ExpectedConditions.findElement(ExpectedConditions.java:895)
	at org.openqa.selenium.support.ui.ExpectedConditions.access$000(ExpectedConditions.java:44)
	at org.openqa.selenium.support.ui.ExpectedConditions$7.apply(ExpectedConditions.java:206)
	at org.openqa.selenium.support.ui.ExpectedConditions$7.apply(ExpectedConditions.java:202)
	at org.openqa.selenium.support.ui.ExpectedConditions$22.apply(ExpectedConditions.java:657)
	at org.openqa.selenium.support.ui.ExpectedConditions$22.apply(ExpectedConditions.java:654)
	at org.openqa.selenium.support.ui.FluentWait.until(FluentWait.java:248)
	at com.mobicom.helpers.Utility.waitForElement(Utility.java:38)
	at com.mobicom.helpers.Utility.findElement(Utility.java:53)
	at com.mobicom.tests.AddFacilityTest.clickSaveButton(AddFacilityTest.java:122)
... Removed 29 stack frames</div></td></tr></table><p class="totop"><a href="#summary">back to summary</a></p>
<h3 id="m4">com.mobicom.tests.AddFacilityTest#clickSelectImage</h3><table class="result"><tr><th>Exception</th></tr><tr><td><div class="stacktrace">org.openqa.selenium.UnsupportedCommandException: A session with id = &apos;FA7C9533-8A52-441C-AFE9-57B4A37B77DF&apos; was not found.
Command duration or timeout: 21 milliseconds
Build info: version: &apos;3.11.0&apos;, revision: &apos;e59cfb3&apos;, time: &apos;2018-03-11T20:33:15.31Z&apos;
System info: host: &apos;Mobicoms-Mac-mini-2.local&apos;, ip: &apos;fe80:0:0:0:1429:950e:2263:4826%en0&apos;, os.name: &apos;Mac OS X&apos;, os.arch: &apos;x86_64&apos;, os.version: &apos;10.13.3&apos;, java.version: &apos;1.8.0_144&apos;
Driver info: org.openqa.selenium.safari.SafariDriver
Capabilities {applicationCacheEnabled: true, browserName: safari, cleanSession: true, cssSelectorsEnabled: true, databaseEnabled: true, handlesAlerts: true, javascriptEnabled: true, locationContextEnabled: false, nativeEvents: true, platform: MAC, platformName: MAC, rotatable: false, version: 13604.5.6, webStorageEnabled: true}
Session ID: FA7C9533-8A52-441C-AFE9-57B4A37B77DF
*** Element info: {Using=xpath, value=//a[text()=&apos;select Images&apos;]}
	at org.openqa.selenium.remote.ErrorHandler.createThrowable(ErrorHandler.java:214)
	at org.openqa.selenium.remote.ErrorHandler.throwIfResponseFailed(ErrorHandler.java:166)
	at org.openqa.selenium.remote.RemoteWebDriver.execute(RemoteWebDriver.java:579)
	at org.openqa.selenium.remote.RemoteWebDriver.findElements(RemoteWebDriver.java:346)
	at org.openqa.selenium.remote.RemoteWebDriver.findElementsByXPath(RemoteWebDriver.java:425)
	at org.openqa.selenium.By$ByXPath.findElements(By.java:356)
	at org.openqa.selenium.remote.RemoteWebDriver.findElements(RemoteWebDriver.java:307)
	at org.openqa.selenium.support.ui.ExpectedConditions.findElement(ExpectedConditions.java:895)
	at org.openqa.selenium.support.ui.ExpectedConditions.access$000(ExpectedConditions.java:44)
	at org.openqa.selenium.support.ui.ExpectedConditions$7.apply(ExpectedConditions.java:206)
	at org.openqa.selenium.support.ui.ExpectedConditions$7.apply(ExpectedConditions.java:202)
	at org.openqa.selenium.support.ui.ExpectedConditions$22.apply(ExpectedConditions.java:657)
	at org.openqa.selenium.support.ui.ExpectedConditions$22.apply(ExpectedConditions.java:654)
	at org.openqa.selenium.support.ui.FluentWait.until(FluentWait.java:248)
	at com.mobicom.helpers.Utility.waitForElement(Utility.java:38)
	at com.mobicom.helpers.Utility.findElement(Utility.java:53)
	at com.mobicom.tests.AddFacilityTest.clickSelectImage(AddFacilityTest.java:63)
... Removed 29 stack frames</div></td></tr></table><p class="totop"><a href="#summary">back to summary</a></p>
<h3 id="m5">com.mobicom.tests.AddFacilityTest#deleteFacility</h3><table class="result"><tr><th>Exception</th></tr><tr><td><div class="stacktrace">org.openqa.selenium.UnsupportedCommandException: A session with id = &apos;FA7C9533-8A52-441C-AFE9-57B4A37B77DF&apos; was not found.
Command duration or timeout: 10 milliseconds
Build info: version: &apos;3.11.0&apos;, revision: &apos;e59cfb3&apos;, time: &apos;2018-03-11T20:33:15.31Z&apos;
System info: host: &apos;Mobicoms-Mac-mini-2.local&apos;, ip: &apos;fe80:0:0:0:1429:950e:2263:4826%en0&apos;, os.name: &apos;Mac OS X&apos;, os.arch: &apos;x86_64&apos;, os.version: &apos;10.13.3&apos;, java.version: &apos;1.8.0_144&apos;
Driver info: org.openqa.selenium.safari.SafariDriver
Capabilities {applicationCacheEnabled: true, browserName: safari, cleanSession: true, cssSelectorsEnabled: true, databaseEnabled: true, handlesAlerts: true, javascriptEnabled: true, locationContextEnabled: false, nativeEvents: true, platform: MAC, platformName: MAC, rotatable: false, version: 13604.5.6, webStorageEnabled: true}
Session ID: FA7C9533-8A52-441C-AFE9-57B4A37B77DF
*** Element info: {Using=xpath, value=//b[text()=&apos;AutoFacility&apos;]/../following-sibling::a}
	at org.openqa.selenium.remote.ErrorHandler.createThrowable(ErrorHandler.java:214)
	at org.openqa.selenium.remote.ErrorHandler.throwIfResponseFailed(ErrorHandler.java:166)
	at org.openqa.selenium.remote.RemoteWebDriver.execute(RemoteWebDriver.java:579)
	at org.openqa.selenium.remote.RemoteWebDriver.findElements(RemoteWebDriver.java:346)
	at org.openqa.selenium.remote.RemoteWebDriver.findElementsByXPath(RemoteWebDriver.java:425)
	at org.openqa.selenium.By$ByXPath.findElements(By.java:356)
	at org.openqa.selenium.remote.RemoteWebDriver.findElements(RemoteWebDriver.java:307)
	at org.openqa.selenium.support.ui.ExpectedConditions.findElement(ExpectedConditions.java:895)
	at org.openqa.selenium.support.ui.ExpectedConditions.access$000(ExpectedConditions.java:44)
	at org.openqa.selenium.support.ui.ExpectedConditions$7.apply(ExpectedConditions.java:206)
	at org.openqa.selenium.support.ui.ExpectedConditions$7.apply(ExpectedConditions.java:202)
	at org.openqa.selenium.support.ui.ExpectedConditions$22.apply(ExpectedConditions.java:657)
	at org.openqa.selenium.support.ui.ExpectedConditions$22.apply(ExpectedConditions.java:654)
	at org.openqa.selenium.support.ui.FluentWait.until(FluentWait.java:248)
	at com.mobicom.helpers.Utility.waitForElement(Utility.java:38)
	at com.mobicom.helpers.Utility.findElement(Utility.java:53)
	at com.mobicom.tests.AddFacilityTest.deleteFacility(AddFacilityTest.java:141)
... Removed 28 stack frames</div></td></tr></table><p class="totop"><a href="#summary">back to summary</a></p>
<h3 id="m6">com.mobicom.tests.AddFacilityTest#enterFacilityCancellationPolicy</h3><table class="result"><tr><th>Exception</th></tr><tr><td><div class="stacktrace">org.openqa.selenium.UnsupportedCommandException: A session with id = &apos;FA7C9533-8A52-441C-AFE9-57B4A37B77DF&apos; was not found.
Command duration or timeout: 7 milliseconds
Build info: version: &apos;3.11.0&apos;, revision: &apos;e59cfb3&apos;, time: &apos;2018-03-11T20:33:15.31Z&apos;
System info: host: &apos;Mobicoms-Mac-mini-2.local&apos;, ip: &apos;fe80:0:0:0:1429:950e:2263:4826%en0&apos;, os.name: &apos;Mac OS X&apos;, os.arch: &apos;x86_64&apos;, os.version: &apos;10.13.3&apos;, java.version: &apos;1.8.0_144&apos;
Driver info: org.openqa.selenium.safari.SafariDriver
Capabilities {applicationCacheEnabled: true, browserName: safari, cleanSession: true, cssSelectorsEnabled: true, databaseEnabled: true, handlesAlerts: true, javascriptEnabled: true, locationContextEnabled: false, nativeEvents: true, platform: MAC, platformName: MAC, rotatable: false, version: 13604.5.6, webStorageEnabled: true}
Session ID: FA7C9533-8A52-441C-AFE9-57B4A37B77DF
*** Element info: {Using=xpath, value=//iframe[@title=&apos;Rich Text Editor, cancellationPolicy&apos;]}
	at org.openqa.selenium.remote.ErrorHandler.createThrowable(ErrorHandler.java:214)
	at org.openqa.selenium.remote.ErrorHandler.throwIfResponseFailed(ErrorHandler.java:166)
	at org.openqa.selenium.remote.RemoteWebDriver.execute(RemoteWebDriver.java:579)
	at org.openqa.selenium.remote.RemoteWebDriver.findElements(RemoteWebDriver.java:346)
	at org.openqa.selenium.remote.RemoteWebDriver.findElementsByXPath(RemoteWebDriver.java:425)
	at org.openqa.selenium.By$ByXPath.findElements(By.java:356)
	at org.openqa.selenium.remote.RemoteWebDriver.findElements(RemoteWebDriver.java:307)
	at org.openqa.selenium.support.ui.ExpectedConditions.findElement(ExpectedConditions.java:895)
	at org.openqa.selenium.support.ui.ExpectedConditions.access$000(ExpectedConditions.java:44)
	at org.openqa.selenium.support.ui.ExpectedConditions$7.apply(ExpectedConditions.java:206)
	at org.openqa.selenium.support.ui.ExpectedConditions$7.apply(ExpectedConditions.java:202)
	at org.openqa.selenium.support.ui.ExpectedConditions$22.apply(ExpectedConditions.java:657)
	at org.openqa.selenium.support.ui.ExpectedConditions$22.apply(ExpectedConditions.java:654)
	at org.openqa.selenium.support.ui.FluentWait.until(FluentWait.java:248)
	at com.mobicom.helpers.Utility.waitForElement(Utility.java:38)
	at com.mobicom.helpers.Utility.findElement(Utility.java:53)
	at com.mobicom.tests.AddFacilityTest.enterFacilityCancellationPolicy(AddFacilityTest.java:106)
... Removed 29 stack frames</div></td></tr></table><p class="totop"><a href="#summary">back to summary</a></p>
<h3 id="m7">com.mobicom.tests.AddFacilityTest#enterFacilityDescription</h3><table class="result"><tr><th>Exception</th></tr><tr><td><div class="stacktrace">org.openqa.selenium.UnsupportedCommandException: A session with id = &apos;FA7C9533-8A52-441C-AFE9-57B4A37B77DF&apos; was not found.
Command duration or timeout: 24 milliseconds
Build info: version: &apos;3.11.0&apos;, revision: &apos;e59cfb3&apos;, time: &apos;2018-03-11T20:33:15.31Z&apos;
System info: host: &apos;Mobicoms-Mac-mini-2.local&apos;, ip: &apos;fe80:0:0:0:1429:950e:2263:4826%en0&apos;, os.name: &apos;Mac OS X&apos;, os.arch: &apos;x86_64&apos;, os.version: &apos;10.13.3&apos;, java.version: &apos;1.8.0_144&apos;
Driver info: org.openqa.selenium.safari.SafariDriver
Capabilities {applicationCacheEnabled: true, browserName: safari, cleanSession: true, cssSelectorsEnabled: true, databaseEnabled: true, handlesAlerts: true, javascriptEnabled: true, locationContextEnabled: false, nativeEvents: true, platform: MAC, platformName: MAC, rotatable: false, version: 13604.5.6, webStorageEnabled: true}
Session ID: FA7C9533-8A52-441C-AFE9-57B4A37B77DF
*** Element info: {Using=xpath, value=//iframe[@title=&apos;Rich Text Editor, DescriptionID&apos;]}
	at org.openqa.selenium.remote.ErrorHandler.createThrowable(ErrorHandler.java:214)
	at org.openqa.selenium.remote.ErrorHandler.throwIfResponseFailed(ErrorHandler.java:166)
	at org.openqa.selenium.remote.RemoteWebDriver.execute(RemoteWebDriver.java:579)
	at org.openqa.selenium.remote.RemoteWebDriver.findElements(RemoteWebDriver.java:346)
	at org.openqa.selenium.remote.RemoteWebDriver.findElementsByXPath(RemoteWebDriver.java:425)
	at org.openqa.selenium.By$ByXPath.findElements(By.java:356)
	at org.openqa.selenium.remote.RemoteWebDriver.findElements(RemoteWebDriver.java:307)
	at org.openqa.selenium.support.ui.ExpectedConditions.findElement(ExpectedConditions.java:895)
	at org.openqa.selenium.support.ui.ExpectedConditions.access$000(ExpectedConditions.java:44)
	at org.openqa.selenium.support.ui.ExpectedConditions$7.apply(ExpectedConditions.java:206)
	at org.openqa.selenium.support.ui.ExpectedConditions$7.apply(ExpectedConditions.java:202)
	at org.openqa.selenium.support.ui.ExpectedConditions$22.apply(ExpectedConditions.java:657)
	at org.openqa.selenium.support.ui.ExpectedConditions$22.apply(ExpectedConditions.java:654)
	at org.openqa.selenium.support.ui.FluentWait.until(FluentWait.java:248)
	at com.mobicom.helpers.Utility.waitForElement(Utility.java:38)
	at com.mobicom.helpers.Utility.findElement(Utility.java:53)
	at com.mobicom.tests.AddFacilityTest.enterFacilityDescription(AddFacilityTest.java:90)
... Removed 29 stack frames</div></td></tr></table><p class="totop"><a href="#summary">back to summary</a></p>
<h3 id="m8">com.mobicom.tests.AddFacilityTest#enterFacilityName</h3><table class="result"><tr><th>Exception</th></tr><tr><td><div class="stacktrace">org.openqa.selenium.UnsupportedCommandException: A session with id = &apos;FA7C9533-8A52-441C-AFE9-57B4A37B77DF&apos; was not found.
Command duration or timeout: 7 milliseconds
Build info: version: &apos;3.11.0&apos;, revision: &apos;e59cfb3&apos;, time: &apos;2018-03-11T20:33:15.31Z&apos;
System info: host: &apos;Mobicoms-Mac-mini-2.local&apos;, ip: &apos;fe80:0:0:0:1429:950e:2263:4826%en0&apos;, os.name: &apos;Mac OS X&apos;, os.arch: &apos;x86_64&apos;, os.version: &apos;10.13.3&apos;, java.version: &apos;1.8.0_144&apos;
Driver info: org.openqa.selenium.safari.SafariDriver
Capabilities {applicationCacheEnabled: true, browserName: safari, cleanSession: true, cssSelectorsEnabled: true, databaseEnabled: true, handlesAlerts: true, javascriptEnabled: true, locationContextEnabled: false, nativeEvents: true, platform: MAC, platformName: MAC, rotatable: false, version: 13604.5.6, webStorageEnabled: true}
Session ID: FA7C9533-8A52-441C-AFE9-57B4A37B77DF
*** Element info: {Using=id, value=facility_name}
	at org.openqa.selenium.remote.ErrorHandler.createThrowable(ErrorHandler.java:214)
	at org.openqa.selenium.remote.ErrorHandler.throwIfResponseFailed(ErrorHandler.java:166)
	at org.openqa.selenium.remote.RemoteWebDriver.execute(RemoteWebDriver.java:579)
	at org.openqa.selenium.remote.RemoteWebDriver.findElements(RemoteWebDriver.java:346)
	at org.openqa.selenium.remote.RemoteWebDriver.findElementsById(RemoteWebDriver.java:369)
	at org.openqa.selenium.By$ById.findElements(By.java:210)
	at org.openqa.selenium.remote.RemoteWebDriver.findElements(RemoteWebDriver.java:307)
	at org.openqa.selenium.support.ui.ExpectedConditions.findElement(ExpectedConditions.java:895)
	at org.openqa.selenium.support.ui.ExpectedConditions.access$000(ExpectedConditions.java:44)
	at org.openqa.selenium.support.ui.ExpectedConditions$7.apply(ExpectedConditions.java:206)
	at org.openqa.selenium.support.ui.ExpectedConditions$7.apply(ExpectedConditions.java:202)
	at org.openqa.selenium.support.ui.ExpectedConditions$22.apply(ExpectedConditions.java:657)
	at org.openqa.selenium.support.ui.ExpectedConditions$22.apply(ExpectedConditions.java:654)
	at org.openqa.selenium.support.ui.FluentWait.until(FluentWait.java:248)
	at com.mobicom.helpers.Utility.waitForElement(Utility.java:38)
	at com.mobicom.helpers.Utility.findElement(Utility.java:53)
	at com.mobicom.tests.AddFacilityTest.enterFacilityName(AddFacilityTest.java:77)
... Removed 29 stack frames</div></td></tr></table><p class="totop"><a href="#summary">back to summary</a></p>
<h3 id="m9">com.mobicom.tests.AddFacilityTest#enterFacilityRules</h3><table class="result"><tr><th>Exception</th></tr><tr><td><div class="stacktrace">org.openqa.selenium.UnsupportedCommandException: A session with id = &apos;FA7C9533-8A52-441C-AFE9-57B4A37B77DF&apos; was not found.
Command duration or timeout: 33 milliseconds
Build info: version: &apos;3.11.0&apos;, revision: &apos;e59cfb3&apos;, time: &apos;2018-03-11T20:33:15.31Z&apos;
System info: host: &apos;Mobicoms-Mac-mini-2.local&apos;, ip: &apos;fe80:0:0:0:1429:950e:2263:4826%en0&apos;, os.name: &apos;Mac OS X&apos;, os.arch: &apos;x86_64&apos;, os.version: &apos;10.13.3&apos;, java.version: &apos;1.8.0_144&apos;
Driver info: org.openqa.selenium.safari.SafariDriver
Capabilities {applicationCacheEnabled: true, browserName: safari, cleanSession: true, cssSelectorsEnabled: true, databaseEnabled: true, handlesAlerts: true, javascriptEnabled: true, locationContextEnabled: false, nativeEvents: true, platform: MAC, platformName: MAC, rotatable: false, version: 13604.5.6, webStorageEnabled: true}
Session ID: FA7C9533-8A52-441C-AFE9-57B4A37B77DF
*** Element info: {Using=xpath, value=//iframe[@title=&apos;Rich Text Editor, rulesID&apos;]}
	at org.openqa.selenium.remote.ErrorHandler.createThrowable(ErrorHandler.java:214)
	at org.openqa.selenium.remote.ErrorHandler.throwIfResponseFailed(ErrorHandler.java:166)
	at org.openqa.selenium.remote.RemoteWebDriver.execute(RemoteWebDriver.java:579)
	at org.openqa.selenium.remote.RemoteWebDriver.findElements(RemoteWebDriver.java:346)
	at org.openqa.selenium.remote.RemoteWebDriver.findElementsByXPath(RemoteWebDriver.java:425)
	at org.openqa.selenium.By$ByXPath.findElements(By.java:356)
	at org.openqa.selenium.remote.RemoteWebDriver.findElements(RemoteWebDriver.java:307)
	at org.openqa.selenium.support.ui.ExpectedConditions.findElement(ExpectedConditions.java:895)
	at org.openqa.selenium.support.ui.ExpectedConditions.access$000(ExpectedConditions.java:44)
	at org.openqa.selenium.support.ui.ExpectedConditions$7.apply(ExpectedConditions.java:206)
	at org.openqa.selenium.support.ui.ExpectedConditions$7.apply(ExpectedConditions.java:202)
	at org.openqa.selenium.support.ui.ExpectedConditions$22.apply(ExpectedConditions.java:657)
	at org.openqa.selenium.support.ui.ExpectedConditions$22.apply(ExpectedConditions.java:654)
	at org.openqa.selenium.support.ui.FluentWait.until(FluentWait.java:248)
	at com.mobicom.helpers.Utility.waitForElement(Utility.java:38)
	at com.mobicom.helpers.Utility.findElement(Utility.java:53)
	at com.mobicom.tests.AddFacilityTest.enterFacilityRules(AddFacilityTest.java:98)
... Removed 29 stack frames</div></td></tr></table><p class="totop"><a href="#summary">back to summary</a></p>
<h3 id="m10">com.mobicom.tests.AddFacilityTest#publishNewfacility</h3><table class="result"><tr><th>Exception</th></tr><tr><td><div class="stacktrace">org.openqa.selenium.UnsupportedCommandException: A session with id = &apos;FA7C9533-8A52-441C-AFE9-57B4A37B77DF&apos; was not found.
Command duration or timeout: 8 milliseconds
Build info: version: &apos;3.11.0&apos;, revision: &apos;e59cfb3&apos;, time: &apos;2018-03-11T20:33:15.31Z&apos;
System info: host: &apos;Mobicoms-Mac-mini-2.local&apos;, ip: &apos;fe80:0:0:0:1429:950e:2263:4826%en0&apos;, os.name: &apos;Mac OS X&apos;, os.arch: &apos;x86_64&apos;, os.version: &apos;10.13.3&apos;, java.version: &apos;1.8.0_144&apos;
Driver info: org.openqa.selenium.safari.SafariDriver
Capabilities {applicationCacheEnabled: true, browserName: safari, cleanSession: true, cssSelectorsEnabled: true, databaseEnabled: true, handlesAlerts: true, javascriptEnabled: true, locationContextEnabled: false, nativeEvents: true, platform: MAC, platformName: MAC, rotatable: false, version: 13604.5.6, webStorageEnabled: true}
Session ID: FA7C9533-8A52-441C-AFE9-57B4A37B77DF
*** Element info: {Using=xpath, value=//div[@class=&apos;card-header ellip&apos;]/b[text()=&apos;AutoFacility&apos;]}
	at org.openqa.selenium.remote.ErrorHandler.createThrowable(ErrorHandler.java:214)
	at org.openqa.selenium.remote.ErrorHandler.throwIfResponseFailed(ErrorHandler.java:166)
	at org.openqa.selenium.remote.RemoteWebDriver.execute(RemoteWebDriver.java:579)
	at org.openqa.selenium.remote.RemoteWebDriver.findElements(RemoteWebDriver.java:346)
	at org.openqa.selenium.remote.RemoteWebDriver.findElementsByXPath(RemoteWebDriver.java:425)
	at org.openqa.selenium.By$ByXPath.findElements(By.java:356)
	at org.openqa.selenium.remote.RemoteWebDriver.findElements(RemoteWebDriver.java:307)
	at org.openqa.selenium.support.ui.ExpectedConditions.findElement(ExpectedConditions.java:895)
	at org.openqa.selenium.support.ui.ExpectedConditions.access$000(ExpectedConditions.java:44)
	at org.openqa.selenium.support.ui.ExpectedConditions$7.apply(ExpectedConditions.java:206)
	at org.openqa.selenium.support.ui.ExpectedConditions$7.apply(ExpectedConditions.java:202)
	at org.openqa.selenium.support.ui.ExpectedConditions$22.apply(ExpectedConditions.java:657)
	at org.openqa.selenium.support.ui.ExpectedConditions$22.apply(ExpectedConditions.java:654)
	at org.openqa.selenium.support.ui.FluentWait.until(FluentWait.java:248)
	at com.mobicom.helpers.Utility.waitForElement(Utility.java:38)
	at com.mobicom.helpers.Utility.findElement(Utility.java:53)
	at com.mobicom.tests.AddFacilityTest.publishNewfacility(AddFacilityTest.java:132)
... Removed 29 stack frames</div></td></tr></table><p class="totop"><a href="#summary">back to summary</a></p>
<h3 id="m11">com.mobicom.tests.AddFacilityTest#selectAnImage</h3><table class="result"><tr><th>Exception</th></tr><tr><td><div class="stacktrace">org.openqa.selenium.UnsupportedCommandException: A session with id = &apos;FA7C9533-8A52-441C-AFE9-57B4A37B77DF&apos; was not found.
Command duration or timeout: 13 milliseconds
Build info: version: &apos;3.11.0&apos;, revision: &apos;e59cfb3&apos;, time: &apos;2018-03-11T20:33:15.31Z&apos;
System info: host: &apos;Mobicoms-Mac-mini-2.local&apos;, ip: &apos;fe80:0:0:0:1429:950e:2263:4826%en0&apos;, os.name: &apos;Mac OS X&apos;, os.arch: &apos;x86_64&apos;, os.version: &apos;10.13.3&apos;, java.version: &apos;1.8.0_144&apos;
Driver info: org.openqa.selenium.safari.SafariDriver
Capabilities {applicationCacheEnabled: true, browserName: safari, cleanSession: true, cssSelectorsEnabled: true, databaseEnabled: true, handlesAlerts: true, javascriptEnabled: true, locationContextEnabled: false, nativeEvents: true, platform: MAC, platformName: MAC, rotatable: false, version: 13604.5.6, webStorageEnabled: true}
Session ID: FA7C9533-8A52-441C-AFE9-57B4A37B77DF
*** Element info: {Using=xpath, value=//img[@title=&apos;newImage&apos;]}
	at org.openqa.selenium.remote.ErrorHandler.createThrowable(ErrorHandler.java:214)
	at org.openqa.selenium.remote.ErrorHandler.throwIfResponseFailed(ErrorHandler.java:166)
	at org.openqa.selenium.remote.RemoteWebDriver.execute(RemoteWebDriver.java:579)
	at org.openqa.selenium.remote.RemoteWebDriver.findElements(RemoteWebDriver.java:346)
	at org.openqa.selenium.remote.RemoteWebDriver.findElementsByXPath(RemoteWebDriver.java:425)
	at org.openqa.selenium.By$ByXPath.findElements(By.java:356)
	at org.openqa.selenium.remote.RemoteWebDriver.findElements(RemoteWebDriver.java:307)
	at org.openqa.selenium.support.ui.ExpectedConditions.findElement(ExpectedConditions.java:895)
	at org.openqa.selenium.support.ui.ExpectedConditions.access$000(ExpectedConditions.java:44)
	at org.openqa.selenium.support.ui.ExpectedConditions$7.apply(ExpectedConditions.java:206)
	at org.openqa.selenium.support.ui.ExpectedConditions$7.apply(ExpectedConditions.java:202)
	at org.openqa.selenium.support.ui.ExpectedConditions$22.apply(ExpectedConditions.java:657)
	at org.openqa.selenium.support.ui.ExpectedConditions$22.apply(ExpectedConditions.java:654)
	at org.openqa.selenium.support.ui.FluentWait.until(FluentWait.java:248)
	at com.mobicom.helpers.Utility.waitForElement(Utility.java:38)
	at com.mobicom.helpers.Utility.findElement(Utility.java:53)
	at com.mobicom.tests.AddFacilityTest.selectAnImage(AddFacilityTest.java:70)
... Removed 29 stack frames</div></td></tr></table><p class="totop"><a href="#summary">back to summary</a></p>
<h3 id="m12">com.mobicom.tests.AddFacilityTest#selectFacilityCategory</h3><table class="result"><tr><th>Exception</th></tr><tr><td><div class="stacktrace">org.openqa.selenium.UnsupportedCommandException: A session with id = &apos;FA7C9533-8A52-441C-AFE9-57B4A37B77DF&apos; was not found.
Command duration or timeout: 5 milliseconds
Build info: version: &apos;3.11.0&apos;, revision: &apos;e59cfb3&apos;, time: &apos;2018-03-11T20:33:15.31Z&apos;
System info: host: &apos;Mobicoms-Mac-mini-2.local&apos;, ip: &apos;fe80:0:0:0:1429:950e:2263:4826%en0&apos;, os.name: &apos;Mac OS X&apos;, os.arch: &apos;x86_64&apos;, os.version: &apos;10.13.3&apos;, java.version: &apos;1.8.0_144&apos;
Driver info: org.openqa.selenium.safari.SafariDriver
Capabilities {applicationCacheEnabled: true, browserName: safari, cleanSession: true, cssSelectorsEnabled: true, databaseEnabled: true, handlesAlerts: true, javascriptEnabled: true, locationContextEnabled: false, nativeEvents: true, platform: MAC, platformName: MAC, rotatable: false, version: 13604.5.6, webStorageEnabled: true}
Session ID: FA7C9533-8A52-441C-AFE9-57B4A37B77DF
*** Element info: {Using=id, value=facilityId}
	at org.openqa.selenium.remote.ErrorHandler.createThrowable(ErrorHandler.java:214)
	at org.openqa.selenium.remote.ErrorHandler.throwIfResponseFailed(ErrorHandler.java:166)
	at org.openqa.selenium.remote.RemoteWebDriver.execute(RemoteWebDriver.java:579)
	at org.openqa.selenium.remote.RemoteWebDriver.findElements(RemoteWebDriver.java:346)
	at org.openqa.selenium.remote.RemoteWebDriver.findElementsById(RemoteWebDriver.java:369)
	at org.openqa.selenium.By$ById.findElements(By.java:210)
	at org.openqa.selenium.remote.RemoteWebDriver.findElements(RemoteWebDriver.java:307)
	at org.openqa.selenium.support.ui.ExpectedConditions.findElement(ExpectedConditions.java:895)
	at org.openqa.selenium.support.ui.ExpectedConditions.access$000(ExpectedConditions.java:44)
	at org.openqa.selenium.support.ui.ExpectedConditions$7.apply(ExpectedConditions.java:206)
	at org.openqa.selenium.support.ui.ExpectedConditions$7.apply(ExpectedConditions.java:202)
	at org.openqa.selenium.support.ui.ExpectedConditions$22.apply(ExpectedConditions.java:657)
	at org.openqa.selenium.support.ui.ExpectedConditions$22.apply(ExpectedConditions.java:654)
	at org.openqa.selenium.support.ui.FluentWait.until(FluentWait.java:248)
	at com.mobicom.helpers.Utility.waitForElement(Utility.java:38)
	at com.mobicom.helpers.Utility.findElement(Utility.java:53)
	at com.mobicom.tests.AddFacilityTest.selectFacilityCategory(AddFacilityTest.java:83)
... Removed 29 stack frames</div></td></tr></table><p class="totop"><a href="#summary">back to summary</a></p>
<h3 id="m13">com.mobicom.tests.AddFacilityTest#verifyClubFacilitiesElements</h3><table class="result"><tr class="param"><th>Parameter #1</th><th>Parameter #2</th></tr><tr class="param stripe"><td>By.xpath: //div[@class=&quot;card-header ellip&quot;]/b[text()=&apos;New Test Facility&apos;]</td><td>Added facility not found</td></tr><tr><th colspan="2">Exception</th></tr><tr><td colspan="2"><div class="stacktrace">org.openqa.selenium.UnsupportedCommandException: A session with id = &apos;FA7C9533-8A52-441C-AFE9-57B4A37B77DF&apos; was not found.
Command duration or timeout: 9 milliseconds
Build info: version: &apos;3.11.0&apos;, revision: &apos;e59cfb3&apos;, time: &apos;2018-03-11T20:33:15.31Z&apos;
System info: host: &apos;Mobicoms-Mac-mini-2.local&apos;, ip: &apos;fe80:0:0:0:1429:950e:2263:4826%en0&apos;, os.name: &apos;Mac OS X&apos;, os.arch: &apos;x86_64&apos;, os.version: &apos;10.13.3&apos;, java.version: &apos;1.8.0_144&apos;
Driver info: org.openqa.selenium.safari.SafariDriver
Capabilities {applicationCacheEnabled: true, browserName: safari, cleanSession: true, cssSelectorsEnabled: true, databaseEnabled: true, handlesAlerts: true, javascriptEnabled: true, locationContextEnabled: false, nativeEvents: true, platform: MAC, platformName: MAC, rotatable: false, version: 13604.5.6, webStorageEnabled: true}
Session ID: FA7C9533-8A52-441C-AFE9-57B4A37B77DF
*** Element info: {Using=xpath, value=//div[@class=&quot;card-header ellip&quot;]/b[text()=&apos;New Test Facility&apos;]}
	at org.openqa.selenium.remote.ErrorHandler.createThrowable(ErrorHandler.java:214)
	at org.openqa.selenium.remote.ErrorHandler.throwIfResponseFailed(ErrorHandler.java:166)
	at org.openqa.selenium.remote.RemoteWebDriver.execute(RemoteWebDriver.java:579)
	at org.openqa.selenium.remote.RemoteWebDriver.findElements(RemoteWebDriver.java:346)
	at org.openqa.selenium.remote.RemoteWebDriver.findElementsByXPath(RemoteWebDriver.java:425)
	at org.openqa.selenium.By$ByXPath.findElements(By.java:356)
	at org.openqa.selenium.remote.RemoteWebDriver.findElements(RemoteWebDriver.java:307)
	at org.openqa.selenium.support.ui.ExpectedConditions.findElement(ExpectedConditions.java:895)
	at org.openqa.selenium.support.ui.ExpectedConditions.access$000(ExpectedConditions.java:44)
	at org.openqa.selenium.support.ui.ExpectedConditions$7.apply(ExpectedConditions.java:206)
	at org.openqa.selenium.support.ui.ExpectedConditions$7.apply(ExpectedConditions.java:202)
	at org.openqa.selenium.support.ui.ExpectedConditions$22.apply(ExpectedConditions.java:657)
	at org.openqa.selenium.support.ui.ExpectedConditions$22.apply(ExpectedConditions.java:654)
	at org.openqa.selenium.support.ui.FluentWait.until(FluentWait.java:248)
	at com.mobicom.helpers.Utility.waitForElement(Utility.java:38)
	at com.mobicom.helpers.Utility.findElement(Utility.java:53)
	at com.mobicom.helpers.Utility.isElementDisplayed(Utility.java:87)
	at com.mobicom.tests.AddFacilityTest.verifyClubFacilitiesElements(AddFacilityTest.java:51)
... Removed 29 stack frames</div></td></tr></table><p class="totop"><a href="#summary">back to summary</a></p>
<h3 id="m14">com.mobicom.tests.AddFacilityTest#verifyClubFacilitiesElements</h3><table class="result"><tr class="param"><th>Parameter #1</th><th>Parameter #2</th></tr><tr class="param stripe"><td>By.xpath: //a[@title=&apos;Delete&apos;]</td><td>Delete button not found</td></tr><tr><th colspan="2">Exception</th></tr><tr><td colspan="2"><div class="stacktrace">org.openqa.selenium.UnsupportedCommandException: A session with id = &apos;FA7C9533-8A52-441C-AFE9-57B4A37B77DF&apos; was not found.
Command duration or timeout: 6 milliseconds
Build info: version: &apos;3.11.0&apos;, revision: &apos;e59cfb3&apos;, time: &apos;2018-03-11T20:33:15.31Z&apos;
System info: host: &apos;Mobicoms-Mac-mini-2.local&apos;, ip: &apos;fe80:0:0:0:1429:950e:2263:4826%en0&apos;, os.name: &apos;Mac OS X&apos;, os.arch: &apos;x86_64&apos;, os.version: &apos;10.13.3&apos;, java.version: &apos;1.8.0_144&apos;
Driver info: org.openqa.selenium.safari.SafariDriver
Capabilities {applicationCacheEnabled: true, browserName: safari, cleanSession: true, cssSelectorsEnabled: true, databaseEnabled: true, handlesAlerts: true, javascriptEnabled: true, locationContextEnabled: false, nativeEvents: true, platform: MAC, platformName: MAC, rotatable: false, version: 13604.5.6, webStorageEnabled: true}
Session ID: FA7C9533-8A52-441C-AFE9-57B4A37B77DF
*** Element info: {Using=xpath, value=//a[@title=&apos;Delete&apos;]}
	at org.openqa.selenium.remote.ErrorHandler.createThrowable(ErrorHandler.java:214)
	at org.openqa.selenium.remote.ErrorHandler.throwIfResponseFailed(ErrorHandler.java:166)
	at org.openqa.selenium.remote.RemoteWebDriver.execute(RemoteWebDriver.java:579)
	at org.openqa.selenium.remote.RemoteWebDriver.findElements(RemoteWebDriver.java:346)
	at org.openqa.selenium.remote.RemoteWebDriver.findElementsByXPath(RemoteWebDriver.java:425)
	at org.openqa.selenium.By$ByXPath.findElements(By.java:356)
	at org.openqa.selenium.remote.RemoteWebDriver.findElements(RemoteWebDriver.java:307)
	at org.openqa.selenium.support.ui.ExpectedConditions.findElement(ExpectedConditions.java:895)
	at org.openqa.selenium.support.ui.ExpectedConditions.access$000(ExpectedConditions.java:44)
	at org.openqa.selenium.support.ui.ExpectedConditions$7.apply(ExpectedConditions.java:206)
	at org.openqa.selenium.support.ui.ExpectedConditions$7.apply(ExpectedConditions.java:202)
	at org.openqa.selenium.support.ui.ExpectedConditions$22.apply(ExpectedConditions.java:657)
	at org.openqa.selenium.support.ui.ExpectedConditions$22.apply(ExpectedConditions.java:654)
	at org.openqa.selenium.support.ui.FluentWait.until(FluentWait.java:248)
	at com.mobicom.helpers.Utility.waitForElement(Utility.java:38)
	at com.mobicom.helpers.Utility.findElement(Utility.java:53)
	at com.mobicom.helpers.Utility.isElementDisplayed(Utility.java:87)
	at com.mobicom.tests.AddFacilityTest.verifyClubFacilitiesElements(AddFacilityTest.java:51)
... Removed 29 stack frames</div></td></tr></table><p class="totop"><a href="#summary">back to summary</a></p>
<h3 id="m15">com.mobicom.tests.AddFacilityTest#verifyClubFacilitiesElements</h3><table class="result"><tr class="param"><th>Parameter #1</th><th>Parameter #2</th></tr><tr class="param stripe"><td>By.xpath: //p[@class=&quot;card-header&quot;]/b</td><td>Add facilities button not found</td></tr><tr><th colspan="2">Exception</th></tr><tr><td colspan="2"><div class="stacktrace">org.openqa.selenium.UnsupportedCommandException: A session with id = &apos;FA7C9533-8A52-441C-AFE9-57B4A37B77DF&apos; was not found.
Command duration or timeout: 7 milliseconds
Build info: version: &apos;3.11.0&apos;, revision: &apos;e59cfb3&apos;, time: &apos;2018-03-11T20:33:15.31Z&apos;
System info: host: &apos;Mobicoms-Mac-mini-2.local&apos;, ip: &apos;fe80:0:0:0:1429:950e:2263:4826%en0&apos;, os.name: &apos;Mac OS X&apos;, os.arch: &apos;x86_64&apos;, os.version: &apos;10.13.3&apos;, java.version: &apos;1.8.0_144&apos;
Driver info: org.openqa.selenium.safari.SafariDriver
Capabilities {applicationCacheEnabled: true, browserName: safari, cleanSession: true, cssSelectorsEnabled: true, databaseEnabled: true, handlesAlerts: true, javascriptEnabled: true, locationContextEnabled: false, nativeEvents: true, platform: MAC, platformName: MAC, rotatable: false, version: 13604.5.6, webStorageEnabled: true}
Session ID: FA7C9533-8A52-441C-AFE9-57B4A37B77DF
*** Element info: {Using=xpath, value=//p[@class=&quot;card-header&quot;]/b}
	at org.openqa.selenium.remote.ErrorHandler.createThrowable(ErrorHandler.java:214)
	at org.openqa.selenium.remote.ErrorHandler.throwIfResponseFailed(ErrorHandler.java:166)
	at org.openqa.selenium.remote.RemoteWebDriver.execute(RemoteWebDriver.java:579)
	at org.openqa.selenium.remote.RemoteWebDriver.findElements(RemoteWebDriver.java:346)
	at org.openqa.selenium.remote.RemoteWebDriver.findElementsByXPath(RemoteWebDriver.java:425)
	at org.openqa.selenium.By$ByXPath.findElements(By.java:356)
	at org.openqa.selenium.remote.RemoteWebDriver.findElements(RemoteWebDriver.java:307)
	at org.openqa.selenium.support.ui.ExpectedConditions.findElement(ExpectedConditions.java:895)
	at org.openqa.selenium.support.ui.ExpectedConditions.access$000(ExpectedConditions.java:44)
	at org.openqa.selenium.support.ui.ExpectedConditions$7.apply(ExpectedConditions.java:206)
	at org.openqa.selenium.support.ui.ExpectedConditions$7.apply(ExpectedConditions.java:202)
	at org.openqa.selenium.support.ui.ExpectedConditions$22.apply(ExpectedConditions.java:657)
	at org.openqa.selenium.support.ui.ExpectedConditions$22.apply(ExpectedConditions.java:654)
	at org.openqa.selenium.support.ui.FluentWait.until(FluentWait.java:248)
	at com.mobicom.helpers.Utility.waitForElement(Utility.java:38)
	at com.mobicom.helpers.Utility.findElement(Utility.java:53)
	at com.mobicom.helpers.Utility.isElementDisplayed(Utility.java:87)
	at com.mobicom.tests.AddFacilityTest.verifyClubFacilitiesElements(AddFacilityTest.java:51)
... Removed 29 stack frames</div></td></tr></table><p class="totop"><a href="#summary">back to summary</a></p>
<h3 id="m16">com.mobicom.tests.HomePageTest#clickBasicInfoInMenu</h3><table class="result"><tr><th>Exception</th></tr><tr><td><div class="stacktrace">org.openqa.selenium.WebDriverException: An unknown server-side error occurred while processing the command. (WARNING: The server did not provide any stacktrace information)
Command duration or timeout: 0 milliseconds
Build info: version: &apos;3.11.0&apos;, revision: &apos;e59cfb3&apos;, time: &apos;2018-03-11T20:33:15.31Z&apos;
System info: host: &apos;Mobicoms-Mac-mini-2.local&apos;, ip: &apos;fe80:0:0:0:1429:950e:2263:4826%en0&apos;, os.name: &apos;Mac OS X&apos;, os.arch: &apos;x86_64&apos;, os.version: &apos;10.13.3&apos;, java.version: &apos;1.8.0_144&apos;
Driver info: org.openqa.selenium.safari.SafariDriver
Capabilities {applicationCacheEnabled: true, browserName: safari, cleanSession: true, cssSelectorsEnabled: true, databaseEnabled: true, handlesAlerts: true, javascriptEnabled: true, locationContextEnabled: false, nativeEvents: true, platform: MAC, platformName: MAC, rotatable: false, version: 13604.5.6, webStorageEnabled: true}
Session ID: FA7C9533-8A52-441C-AFE9-57B4A37B77DF
*** Element info: {Using=xpath, value=//span[text()=&apos;Basic Information&apos;]}
	at org.openqa.selenium.remote.ErrorHandler.createThrowable(ErrorHandler.java:214)
	at org.openqa.selenium.remote.ErrorHandler.throwIfResponseFailed(ErrorHandler.java:166)
	at org.openqa.selenium.remote.http.JsonHttpResponseCodec.reconstructValue(JsonHttpResponseCodec.java:40)
	at org.openqa.selenium.remote.http.AbstractHttpResponseCodec.decode(AbstractHttpResponseCodec.java:80)
	at org.openqa.selenium.remote.http.AbstractHttpResponseCodec.decode(AbstractHttpResponseCodec.java:44)
	at org.openqa.selenium.remote.HttpCommandExecutor.execute(HttpCommandExecutor.java:158)
	at org.openqa.selenium.remote.service.DriverCommandExecutor.execute(DriverCommandExecutor.java:83)
	at org.openqa.selenium.remote.RemoteWebDriver.execute(RemoteWebDriver.java:545)
	at org.openqa.selenium.remote.RemoteWebDriver.findElements(RemoteWebDriver.java:346)
	at org.openqa.selenium.remote.RemoteWebDriver.findElementsByXPath(RemoteWebDriver.java:425)
	at org.openqa.selenium.By$ByXPath.findElements(By.java:356)
	at org.openqa.selenium.remote.RemoteWebDriver.findElements(RemoteWebDriver.java:307)
	at org.openqa.selenium.support.ui.ExpectedConditions.findElement(ExpectedConditions.java:895)
	at org.openqa.selenium.support.ui.ExpectedConditions.access$000(ExpectedConditions.java:44)
	at org.openqa.selenium.support.ui.ExpectedConditions$7.apply(ExpectedConditions.java:206)
	at org.openqa.selenium.support.ui.ExpectedConditions$7.apply(ExpectedConditions.java:202)
	at org.openqa.selenium.support.ui.ExpectedConditions$22.apply(ExpectedConditions.java:657)
	at org.openqa.selenium.support.ui.ExpectedConditions$22.apply(ExpectedConditions.java:654)
	at org.openqa.selenium.support.ui.FluentWait.until(FluentWait.java:248)
	at com.mobicom.helpers.Utility.waitForElement(Utility.java:38)
	at com.mobicom.helpers.Utility.findElement(Utility.java:53)
	at com.mobicom.tests.HomePageTest.clickBasicInfoInMenu(HomePageTest.java:57)
... Removed 29 stack frames</div></td></tr></table><p class="totop"><a href="#summary">back to summary</a></p>
<h3 id="m17">com.mobicom.tests.HomePageTest#clickClubFacilitiesInMenu</h3><table class="result"><tr><th>Exception</th></tr><tr><td><div class="stacktrace">org.openqa.selenium.UnsupportedCommandException: A session with id = &apos;FA7C9533-8A52-441C-AFE9-57B4A37B77DF&apos; was not found.
Command duration or timeout: 17 milliseconds
Build info: version: &apos;3.11.0&apos;, revision: &apos;e59cfb3&apos;, time: &apos;2018-03-11T20:33:15.31Z&apos;
System info: host: &apos;Mobicoms-Mac-mini-2.local&apos;, ip: &apos;fe80:0:0:0:1429:950e:2263:4826%en0&apos;, os.name: &apos;Mac OS X&apos;, os.arch: &apos;x86_64&apos;, os.version: &apos;10.13.3&apos;, java.version: &apos;1.8.0_144&apos;
Driver info: org.openqa.selenium.safari.SafariDriver
Capabilities {applicationCacheEnabled: true, browserName: safari, cleanSession: true, cssSelectorsEnabled: true, databaseEnabled: true, handlesAlerts: true, javascriptEnabled: true, locationContextEnabled: false, nativeEvents: true, platform: MAC, platformName: MAC, rotatable: false, version: 13604.5.6, webStorageEnabled: true}
Session ID: FA7C9533-8A52-441C-AFE9-57B4A37B77DF
*** Element info: {Using=xpath, value=//span[text()=&apos;Club Profile&apos;]}
	at org.openqa.selenium.remote.ErrorHandler.createThrowable(ErrorHandler.java:214)
	at org.openqa.selenium.remote.ErrorHandler.throwIfResponseFailed(ErrorHandler.java:166)
	at org.openqa.selenium.remote.RemoteWebDriver.execute(RemoteWebDriver.java:579)
	at org.openqa.selenium.remote.RemoteWebDriver.findElements(RemoteWebDriver.java:346)
	at org.openqa.selenium.remote.RemoteWebDriver.findElementsByXPath(RemoteWebDriver.java:425)
	at org.openqa.selenium.By$ByXPath.findElements(By.java:356)
	at org.openqa.selenium.remote.RemoteWebDriver.findElements(RemoteWebDriver.java:307)
	at org.openqa.selenium.support.ui.ExpectedConditions.findElement(ExpectedConditions.java:895)
	at org.openqa.selenium.support.ui.ExpectedConditions.access$000(ExpectedConditions.java:44)
	at org.openqa.selenium.support.ui.ExpectedConditions$7.apply(ExpectedConditions.java:206)
	at org.openqa.selenium.support.ui.ExpectedConditions$7.apply(ExpectedConditions.java:202)
	at org.openqa.selenium.support.ui.ExpectedConditions$22.apply(ExpectedConditions.java:657)
	at org.openqa.selenium.support.ui.ExpectedConditions$22.apply(ExpectedConditions.java:654)
	at org.openqa.selenium.support.ui.FluentWait.until(FluentWait.java:248)
	at com.mobicom.helpers.Utility.waitForElement(Utility.java:38)
	at com.mobicom.helpers.Utility.findElement(Utility.java:53)
	at com.mobicom.tests.HomePageTest.clickClubFacilitiesInMenu(HomePageTest.java:64)
... Removed 29 stack frames</div></td></tr></table><p class="totop"><a href="#summary">back to summary</a></p>
<h3 id="m18">com.mobicom.tests.HomePageTest#clickClubProfileInMenu</h3><table class="result"><tr><th>Exception</th></tr><tr><td><div class="stacktrace">java.lang.AssertionError: Basic Info not found expected [true] but found [false]
	at com.mobicom.tests.HomePageTest.clickClubProfileInMenu(HomePageTest.java:51)
... Removed 28 stack frames</div></td></tr></table><p class="totop"><a href="#summary">back to summary</a></p>
<h3 id="m19">com.mobicom.tests.HomePageTest#clickDashboardInMenu</h3><table class="result"><tr><th class="invisible"/></tr></table><p class="totop"><a href="#summary">back to summary</a></p>
<h3 id="m20">com.mobicom.tests.HomePageTest#testHomePageElements</h3><table class="result"><tr class="param"><th>Parameter #1</th><th>Parameter #2</th></tr><tr class="param stripe"><td>By.xpath: //b[text()=&apos;Year Founded&apos;]</td><td>Year founded label not found</td></tr></table><p class="totop"><a href="#summary">back to summary</a></p>
<h3 id="m21">com.mobicom.tests.HomePageTest#testHomePageElements</h3><table class="result"><tr class="param"><th>Parameter #1</th><th>Parameter #2</th></tr><tr class="param stripe"><td>By.xpath: //h4[text()=&apos;Club Management System&apos;]</td><td>Page header not found</td></tr></table><p class="totop"><a href="#summary">back to summary</a></p>
<h3 id="m22">com.mobicom.tests.HomePageTest#testHomePageElements</h3><table class="result"><tr class="param"><th>Parameter #1</th><th>Parameter #2</th></tr><tr class="param stripe"><td>By.xpath: //b[text()=&apos;Year Founded&apos;]/following-sibling::a</td><td>Year founded value not found</td></tr></table><p class="totop"><a href="#summary">back to summary</a></p>
<h3 id="m23">com.mobicom.tests.LoginTest#loginToClub</h3><table class="result"><tr><th class="invisible"/></tr></table><p class="totop"><a href="#summary">back to summary</a></p>
<h3 id="m24">com.mobicom.tests.LoginTest#testLoginPageElements</h3><table class="result"><tr class="param"><th>Parameter #1</th><th>Parameter #2</th></tr><tr class="param stripe"><td>By.xpath: //button[@id=&apos;proceed-btn&apos;]</td><td>Login button not found</td></tr></table><p class="totop"><a href="#summary">back to summary</a></p>
<h3 id="m25">com.mobicom.tests.LoginTest#testLoginPageElements</h3><table class="result"><tr class="param"><th>Parameter #1</th><th>Parameter #2</th></tr><tr class="param stripe"><td>By.xpath: //input[@name=&apos;password&apos;]</td><td>Password field not found</td></tr></table><p class="totop"><a href="#summary">back to summary</a></p>
<h3 id="m26">com.mobicom.tests.LoginTest#testLoginPageElements</h3><table class="result"><tr class="param"><th>Parameter #1</th><th>Parameter #2</th></tr><tr class="param stripe"><td>By.xpath: //input[@name=&apos;username&apos;]</td><td>Username field not found</td></tr></table><p class="totop"><a href="#summary">back to summary</a></p>
</body>
</html>
