<!DOCTYPE html>

<html>
  <head>
  <meta charset='utf-8'>
  <title>TestNG reports</title>

    <link type="text/css" href="testng-reports.css" rel="stylesheet" />
    <script type="text/javascript" src="jquery-1.7.1.min.js"></script>
    <script type="text/javascript" src="testng-reports.js"></script>
    <script type="text/javascript" src="https://www.google.com/jsapi"></script>
    <script type='text/javascript'>
      google.load('visualization', '1', {packages:['table']});
      google.setOnLoadCallback(drawTable);
      var suiteTableInitFunctions = new Array();
      var suiteTableData = new Array();
    </script>
    <!--
      <script type="text/javascript" src="jquery-ui/js/jquery-ui-1.8.16.custom.min.js"></script>
     -->
  </head>

  <body>
    <div class="top-banner-root">
      <span class="top-banner-title-font">Test results</span>
      <br/>
      <span class="top-banner-font-1">1 suite, 19 failed tests</span>
    </div> <!-- top-banner-root -->
    <div class="navigator-root">
      <div class="navigator-suite-header">
        <span>All suites</span>
        <a href="#" class="collapse-all-link" title="Collapse/expand all the suites">
          <img class="collapse-all-icon" src="collapseall.gif">
          </img> <!-- collapse-all-icon -->
        </a> <!-- collapse-all-link -->
      </div> <!-- navigator-suite-header -->
      <div class="suite">
        <div class="rounded-window">
          <div class="suite-header light-rounded-window-top">
            <a href="#" class="navigator-link" panel-name="suite-Suite">
              <span class="suite-name border-failed">Suite</span>
            </a> <!-- navigator-link -->
          </div> <!-- suite-header light-rounded-window-top -->
          <div class="navigator-suite-content">
            <div class="suite-section-title">
              <span>Info</span>
            </div> <!-- suite-section-title -->
            <div class="suite-section-content">
              <ul>
                <li>
                  <a href="#" class="navigator-link " panel-name="test-xml-Suite">
                    <span>testng.xml</span>
                  </a> <!-- navigator-link  -->
                </li>
                <li>
                  <a href="#" class="navigator-link " panel-name="testlist-Suite">
                    <span class="test-stats">1 test</span>
                  </a> <!-- navigator-link  -->
                </li>
                <li>
                  <a href="#" class="navigator-link " panel-name="group-Suite">
                    <span>0 groups</span>
                  </a> <!-- navigator-link  -->
                </li>
                <li>
                  <a href="#" class="navigator-link " panel-name="times-Suite">
                    <span>Times</span>
                  </a> <!-- navigator-link  -->
                </li>
                <li>
                  <a href="#" class="navigator-link " panel-name="reporter-Suite">
                    <span>Reporter output</span>
                  </a> <!-- navigator-link  -->
                </li>
                <li>
                  <a href="#" class="navigator-link " panel-name="ignored-methods-Suite">
                    <span>Ignored methods</span>
                  </a> <!-- navigator-link  -->
                </li>
                <li>
                  <a href="#" class="navigator-link " panel-name="chronological-Suite">
                    <span>Chronological view</span>
                  </a> <!-- navigator-link  -->
                </li>
              </ul>
            </div> <!-- suite-section-content -->
            <div class="result-section">
              <div class="suite-section-title">
                <span>Results</span>
              </div> <!-- suite-section-title -->
              <div class="suite-section-content">
                <ul>
                  <li>
                    <span class="method-stats">27 methods, 19 failed,   8 passed</span>
                  </li>
                  <li>
                    <span class="method-list-title failed">Failed methods</span>
                    <span class="show-or-hide-methods failed">
                      <a href="#" panel-name="suite-Suite" class="hide-methods failed suite-Suite"> (hide)</a> <!-- hide-methods failed suite-Suite -->
                      <a href="#" panel-name="suite-Suite" class="show-methods failed suite-Suite"> (show)</a> <!-- show-methods failed suite-Suite -->
                    </span>
                    <div class="method-list-content failed suite-Suite">
                      <span>
                        <img width="3%" src="failed.png"/>
                        <a href="#" class="method navigator-link" panel-name="suite-Suite" title="com.mobicom.tests.AddFacilityTest" hash-for-method="clickAddFacilitiesInMenu">clickAddFacilitiesInMenu</a> <!-- method navigator-link -->
                      </span>
                      <br/>
                      <span>
                        <img width="3%" src="failed.png"/>
                        <a href="#" class="method navigator-link" panel-name="suite-Suite" title="com.mobicom.tests.HomePageTest" hash-for-method="clickBasicInfoInMenu">clickBasicInfoInMenu</a> <!-- method navigator-link -->
                      </span>
                      <br/>
                      <span>
                        <img width="3%" src="failed.png"/>
                        <a href="#" class="method navigator-link" panel-name="suite-Suite" title="com.mobicom.tests.HomePageTest" hash-for-method="clickClubFacilitiesInMenu">clickClubFacilitiesInMenu</a> <!-- method navigator-link -->
                      </span>
                      <br/>
                      <span>
                        <img width="3%" src="failed.png"/>
                        <a href="#" class="method navigator-link" panel-name="suite-Suite" title="com.mobicom.tests.AddFacilityTest" hash-for-method="clickClubFacilitiesInMenu">clickClubFacilitiesInMenu</a> <!-- method navigator-link -->
                      </span>
                      <br/>
                      <span>
                        <img width="3%" src="failed.png"/>
                        <a href="#" class="method navigator-link" panel-name="suite-Suite" title="com.mobicom.tests.HomePageTest" hash-for-method="clickClubProfileInMenu">clickClubProfileInMenu</a> <!-- method navigator-link -->
                      </span>
                      <br/>
                      <span>
                        <img width="3%" src="failed.png"/>
                        <a href="#" class="method navigator-link" panel-name="suite-Suite" title="com.mobicom.tests.AddFacilityTest" hash-for-method="clickDaysOfWeekButton">clickDaysOfWeekButton</a> <!-- method navigator-link -->
                      </span>
                      <br/>
                      <span>
                        <img width="3%" src="failed.png"/>
                        <a href="#" class="method navigator-link" panel-name="suite-Suite" title="com.mobicom.tests.AddFacilityTest" hash-for-method="clickSaveButton">clickSaveButton</a> <!-- method navigator-link -->
                      </span>
                      <br/>
                      <span>
                        <img width="3%" src="failed.png"/>
                        <a href="#" class="method navigator-link" panel-name="suite-Suite" title="com.mobicom.tests.AddFacilityTest" hash-for-method="clickSelectImage">clickSelectImage</a> <!-- method navigator-link -->
                      </span>
                      <br/>
                      <span>
                        <img width="3%" src="failed.png"/>
                        <a href="#" class="method navigator-link" panel-name="suite-Suite" title="com.mobicom.tests.AddFacilityTest" hash-for-method="deleteFacility">deleteFacility</a> <!-- method navigator-link -->
                      </span>
                      <br/>
                      <span>
                        <img width="3%" src="failed.png"/>
                        <a href="#" class="method navigator-link" panel-name="suite-Suite" title="com.mobicom.tests.AddFacilityTest" hash-for-method="enterFacilityCancellationPolicy">enterFacilityCancellationPolicy</a> <!-- method navigator-link -->
                      </span>
                      <br/>
                      <span>
                        <img width="3%" src="failed.png"/>
                        <a href="#" class="method navigator-link" panel-name="suite-Suite" title="com.mobicom.tests.AddFacilityTest" hash-for-method="enterFacilityDescription">enterFacilityDescription</a> <!-- method navigator-link -->
                      </span>
                      <br/>
                      <span>
                        <img width="3%" src="failed.png"/>
                        <a href="#" class="method navigator-link" panel-name="suite-Suite" title="com.mobicom.tests.AddFacilityTest" hash-for-method="enterFacilityName">enterFacilityName</a> <!-- method navigator-link -->
                      </span>
                      <br/>
                      <span>
                        <img width="3%" src="failed.png"/>
                        <a href="#" class="method navigator-link" panel-name="suite-Suite" title="com.mobicom.tests.AddFacilityTest" hash-for-method="enterFacilityRules">enterFacilityRules</a> <!-- method navigator-link -->
                      </span>
                      <br/>
                      <span>
                        <img width="3%" src="failed.png"/>
                        <a href="#" class="method navigator-link" panel-name="suite-Suite" title="com.mobicom.tests.AddFacilityTest" hash-for-method="publishNewfacility">publishNewfacility</a> <!-- method navigator-link -->
                      </span>
                      <br/>
                      <span>
                        <img width="3%" src="failed.png"/>
                        <a href="#" class="method navigator-link" panel-name="suite-Suite" title="com.mobicom.tests.AddFacilityTest" hash-for-method="selectAnImage">selectAnImage</a> <!-- method navigator-link -->
                      </span>
                      <br/>
                      <span>
                        <img width="3%" src="failed.png"/>
                        <a href="#" class="method navigator-link" panel-name="suite-Suite" title="com.mobicom.tests.AddFacilityTest" hash-for-method="selectFacilityCategory">selectFacilityCategory</a> <!-- method navigator-link -->
                      </span>
                      <br/>
                      <span>
                        <img width="3%" src="failed.png"/>
                        <a href="#" class="method navigator-link" panel-name="suite-Suite" title="com.mobicom.tests.AddFacilityTest" hash-for-method="verifyClubFacilitiesElements(By.xpath: //div[@class=&quot;card-header ellip&quot;]/b[text()=&#039;New Test Facility&#039;], Added facility not found)">verifyClubFacilitiesElements(By.xpath: //div[@class="card-header ellip"]/b[text()='New Test Facility'], Added facility not found)</a> <!-- method navigator-link -->
                      </span>
                      <br/>
                      <span>
                        <img width="3%" src="failed.png"/>
                        <a href="#" class="method navigator-link" panel-name="suite-Suite" title="com.mobicom.tests.AddFacilityTest" hash-for-method="verifyClubFacilitiesElements(By.xpath: //a[@title=&#039;Delete&#039;], Delete button not found)">verifyClubFacilitiesElements(By.xpath: //a[@title='Delete'], Delete button not found)</a> <!-- method navigator-link -->
                      </span>
                      <br/>
                      <span>
                        <img width="3%" src="failed.png"/>
                        <a href="#" class="method navigator-link" panel-name="suite-Suite" title="com.mobicom.tests.AddFacilityTest" hash-for-method="verifyClubFacilitiesElements(By.xpath: //p[@class=&quot;card-header&quot;]/b, Add facilities button not found)">verifyClubFacilitiesElements(By.xpath: //p[@class="card-header"]/b, Add facilities button not found)</a> <!-- method navigator-link -->
                      </span>
                      <br/>
                    </div> <!-- method-list-content failed suite-Suite -->
                  </li>
                  <li>
                    <span class="method-list-title passed">Passed methods</span>
                    <span class="show-or-hide-methods passed">
                      <a href="#" panel-name="suite-Suite" class="hide-methods passed suite-Suite"> (hide)</a> <!-- hide-methods passed suite-Suite -->
                      <a href="#" panel-name="suite-Suite" class="show-methods passed suite-Suite"> (show)</a> <!-- show-methods passed suite-Suite -->
                    </span>
                    <div class="method-list-content passed suite-Suite">
                      <span>
                        <img width="3%" src="passed.png"/>
                        <a href="#" class="method navigator-link" panel-name="suite-Suite" title="com.mobicom.tests.HomePageTest" hash-for-method="clickDashboardInMenu">clickDashboardInMenu</a> <!-- method navigator-link -->
                      </span>
                      <br/>
                      <span>
                        <img width="3%" src="passed.png"/>
                        <a href="#" class="method navigator-link" panel-name="suite-Suite" title="com.mobicom.tests.LoginTest" hash-for-method="loginToClub">loginToClub</a> <!-- method navigator-link -->
                      </span>
                      <br/>
                      <span>
                        <img width="3%" src="passed.png"/>
                        <a href="#" class="method navigator-link" panel-name="suite-Suite" title="com.mobicom.tests.HomePageTest" hash-for-method="testHomePageElements(By.xpath: //b[text()=&#039;Year Founded&#039;], Year founded label not found)">testHomePageElements(By.xpath: //b[text()='Year Founded'], Year founded label not found)</a> <!-- method navigator-link -->
                      </span>
                      <br/>
                      <span>
                        <img width="3%" src="passed.png"/>
                        <a href="#" class="method navigator-link" panel-name="suite-Suite" title="com.mobicom.tests.HomePageTest" hash-for-method="testHomePageElements(By.xpath: //h4[text()=&#039;Club Management System&#039;], Page header not found)">testHomePageElements(By.xpath: //h4[text()='Club Management System'], Page header not found)</a> <!-- method navigator-link -->
                      </span>
                      <br/>
                      <span>
                        <img width="3%" src="passed.png"/>
                        <a href="#" class="method navigator-link" panel-name="suite-Suite" title="com.mobicom.tests.HomePageTest" hash-for-method="testHomePageElements(By.xpath: //b[text()=&#039;Year Founded&#039;]/following-sibling::a, Year founded value not found)">testHomePageElements(By.xpath: //b[text()='Year Founded']/following-sibling::a, Year founded value not found)</a> <!-- method navigator-link -->
                      </span>
                      <br/>
                      <span>
                        <img width="3%" src="passed.png"/>
                        <a href="#" class="method navigator-link" panel-name="suite-Suite" title="com.mobicom.tests.LoginTest" hash-for-method="testLoginPageElements(By.xpath: //button[@id=&#039;proceed-btn&#039;], Login button not found)">testLoginPageElements(By.xpath: //button[@id='proceed-btn'], Login button not found)</a> <!-- method navigator-link -->
                      </span>
                      <br/>
                      <span>
                        <img width="3%" src="passed.png"/>
                        <a href="#" class="method navigator-link" panel-name="suite-Suite" title="com.mobicom.tests.LoginTest" hash-for-method="testLoginPageElements(By.xpath: //input[@name=&#039;password&#039;], Password field not found)">testLoginPageElements(By.xpath: //input[@name='password'], Password field not found)</a> <!-- method navigator-link -->
                      </span>
                      <br/>
                      <span>
                        <img width="3%" src="passed.png"/>
                        <a href="#" class="method navigator-link" panel-name="suite-Suite" title="com.mobicom.tests.LoginTest" hash-for-method="testLoginPageElements(By.xpath: //input[@name=&#039;username&#039;], Username field not found)">testLoginPageElements(By.xpath: //input[@name='username'], Username field not found)</a> <!-- method navigator-link -->
                      </span>
                      <br/>
                    </div> <!-- method-list-content passed suite-Suite -->
                  </li>
                </ul>
              </div> <!-- suite-section-content -->
            </div> <!-- result-section -->
          </div> <!-- navigator-suite-content -->
        </div> <!-- rounded-window -->
      </div> <!-- suite -->
    </div> <!-- navigator-root -->
    <div class="wrapper">
      <div class="main-panel-root">
        <div panel-name="suite-Suite" class="panel Suite">
          <div class="suite-Suite-class-failed">
            <div class="main-panel-header rounded-window-top">
              <img src="failed.png"/>
              <span class="class-name">com.mobicom.tests.AddFacilityTest</span>
            </div> <!-- main-panel-header rounded-window-top -->
            <div class="main-panel-content rounded-window-bottom">
              <div class="method">
                <div class="method-content">
                  <a name="clickAddFacilitiesInMenu">
                  </a> <!-- clickAddFacilitiesInMenu -->
                  <span class="method-name">clickAddFacilitiesInMenu</span>
                  <div class="stack-trace">org.openqa.selenium.UnsupportedCommandException: A session with id = &apos;FA7C9533-8A52-441C-AFE9-57B4A37B77DF&apos; was not found.
Command duration or timeout: 6 milliseconds
Build info: version: &apos;3.11.0&apos;, revision: &apos;e59cfb3&apos;, time: &apos;2018-03-11T20:33:15.31Z&apos;
System info: host: &apos;Mobicoms-Mac-mini-2.local&apos;, ip: &apos;fe80:0:0:0:1429:950e:2263:4826%en0&apos;, os.name: &apos;Mac OS X&apos;, os.arch: &apos;x86_64&apos;, os.version: &apos;10.13.3&apos;, java.version: &apos;1.8.0_144&apos;
Driver info: org.openqa.selenium.safari.SafariDriver
Capabilities {applicationCacheEnabled: true, browserName: safari, cleanSession: true, cssSelectorsEnabled: true, databaseEnabled: true, handlesAlerts: true, javascriptEnabled: true, locationContextEnabled: false, nativeEvents: true, platform: MAC, platformName: MAC, rotatable: false, version: 13604.5.6, webStorageEnabled: true}
Session ID: FA7C9533-8A52-441C-AFE9-57B4A37B77DF
*** Element info: {Using=xpath, value=//a/b[text()=&apos;Published&apos;]}
	at org.openqa.selenium.remote.ErrorHandler.createThrowable(ErrorHandler.java:214)
	at org.openqa.selenium.remote.ErrorHandler.throwIfResponseFailed(ErrorHandler.java:166)
	at org.openqa.selenium.remote.RemoteWebDriver.execute(RemoteWebDriver.java:579)
	at org.openqa.selenium.remote.RemoteWebDriver.findElements(RemoteWebDriver.java:346)
	at org.openqa.selenium.remote.RemoteWebDriver.findElementsByXPath(RemoteWebDriver.java:425)
	at org.openqa.selenium.By$ByXPath.findElements(By.java:356)
	at org.openqa.selenium.remote.RemoteWebDriver.findElements(RemoteWebDriver.java:307)
	at com.mobicom.helpers.Utility.getMultipleElements(Utility.java:73)
	at com.mobicom.tests.AddFacilityTest.clickAddFacilitiesInMenu(AddFacilityTest.java:56)
... Removed 29 stack frames
</div> <!-- stack-trace -->
                </div> <!-- method-content -->
              </div> <!-- method -->
              <div class="method">
                <div class="method-content">
                  <a name="clickClubFacilitiesInMenu">
                  </a> <!-- clickClubFacilitiesInMenu -->
                  <span class="method-name">clickClubFacilitiesInMenu</span>
                  <div class="stack-trace">org.openqa.selenium.UnsupportedCommandException: A session with id = &apos;FA7C9533-8A52-441C-AFE9-57B4A37B77DF&apos; was not found.
Command duration or timeout: 13 milliseconds
Build info: version: &apos;3.11.0&apos;, revision: &apos;e59cfb3&apos;, time: &apos;2018-03-11T20:33:15.31Z&apos;
System info: host: &apos;Mobicoms-Mac-mini-2.local&apos;, ip: &apos;fe80:0:0:0:1429:950e:2263:4826%en0&apos;, os.name: &apos;Mac OS X&apos;, os.arch: &apos;x86_64&apos;, os.version: &apos;10.13.3&apos;, java.version: &apos;1.8.0_144&apos;
Driver info: org.openqa.selenium.safari.SafariDriver
Capabilities {applicationCacheEnabled: true, browserName: safari, cleanSession: true, cssSelectorsEnabled: true, databaseEnabled: true, handlesAlerts: true, javascriptEnabled: true, locationContextEnabled: false, nativeEvents: true, platform: MAC, platformName: MAC, rotatable: false, version: 13604.5.6, webStorageEnabled: true}
Session ID: FA7C9533-8A52-441C-AFE9-57B4A37B77DF
*** Element info: {Using=xpath, value=//span[text()=&apos;Club Profile&apos;]}
	at org.openqa.selenium.remote.ErrorHandler.createThrowable(ErrorHandler.java:214)
	at org.openqa.selenium.remote.ErrorHandler.throwIfResponseFailed(ErrorHandler.java:166)
	at org.openqa.selenium.remote.RemoteWebDriver.execute(RemoteWebDriver.java:579)
	at org.openqa.selenium.remote.RemoteWebDriver.findElements(RemoteWebDriver.java:346)
	at org.openqa.selenium.remote.RemoteWebDriver.findElementsByXPath(RemoteWebDriver.java:425)
	at org.openqa.selenium.By$ByXPath.findElements(By.java:356)
	at org.openqa.selenium.remote.RemoteWebDriver.findElements(RemoteWebDriver.java:307)
	at org.openqa.selenium.support.ui.ExpectedConditions.findElement(ExpectedConditions.java:895)
	at org.openqa.selenium.support.ui.ExpectedConditions.access$000(ExpectedConditions.java:44)
	at org.openqa.selenium.support.ui.ExpectedConditions$7.apply(ExpectedConditions.java:206)
	at org.openqa.selenium.support.ui.ExpectedConditions$7.apply(ExpectedConditions.java:202)
	at org.openqa.selenium.support.ui.ExpectedConditions$22.apply(ExpectedConditions.java:657)
	at org.openqa.selenium.support.ui.ExpectedConditions$22.apply(ExpectedConditions.java:654)
	at org.openqa.selenium.support.ui.FluentWait.until(FluentWait.java:248)
	at com.mobicom.helpers.Utility.waitForElement(Utility.java:38)
	at com.mobicom.helpers.Utility.findElement(Utility.java:53)
	at com.mobicom.tests.AddFacilityTest.clickClubFacilitiesInMenu(AddFacilityTest.java:36)
... Removed 29 stack frames
</div> <!-- stack-trace -->
                </div> <!-- method-content -->
              </div> <!-- method -->
              <div class="method">
                <div class="method-content">
                  <a name="clickDaysOfWeekButton">
                  </a> <!-- clickDaysOfWeekButton -->
                  <span class="method-name">clickDaysOfWeekButton</span>
                  <div class="stack-trace">org.openqa.selenium.UnsupportedCommandException: A session with id = &apos;FA7C9533-8A52-441C-AFE9-57B4A37B77DF&apos; was not found.
Command duration or timeout: 8 milliseconds
Build info: version: &apos;3.11.0&apos;, revision: &apos;e59cfb3&apos;, time: &apos;2018-03-11T20:33:15.31Z&apos;
System info: host: &apos;Mobicoms-Mac-mini-2.local&apos;, ip: &apos;fe80:0:0:0:1429:950e:2263:4826%en0&apos;, os.name: &apos;Mac OS X&apos;, os.arch: &apos;x86_64&apos;, os.version: &apos;10.13.3&apos;, java.version: &apos;1.8.0_144&apos;
Driver info: org.openqa.selenium.safari.SafariDriver
Capabilities {applicationCacheEnabled: true, browserName: safari, cleanSession: true, cssSelectorsEnabled: true, databaseEnabled: true, handlesAlerts: true, javascriptEnabled: true, locationContextEnabled: false, nativeEvents: true, platform: MAC, platformName: MAC, rotatable: false, version: 13604.5.6, webStorageEnabled: true}
Session ID: FA7C9533-8A52-441C-AFE9-57B4A37B77DF
*** Element info: {Using=xpath, value=//span[@class=&apos;multiselect-selected-text&apos;]}
	at org.openqa.selenium.remote.ErrorHandler.createThrowable(ErrorHandler.java:214)
	at org.openqa.selenium.remote.ErrorHandler.throwIfResponseFailed(ErrorHandler.java:166)
	at org.openqa.selenium.remote.RemoteWebDriver.execute(RemoteWebDriver.java:579)
	at org.openqa.selenium.remote.RemoteWebDriver.findElements(RemoteWebDriver.java:346)
	at org.openqa.selenium.remote.RemoteWebDriver.findElementsByXPath(RemoteWebDriver.java:425)
	at org.openqa.selenium.By$ByXPath.findElements(By.java:356)
	at org.openqa.selenium.remote.RemoteWebDriver.findElements(RemoteWebDriver.java:307)
	at org.openqa.selenium.support.ui.ExpectedConditions.findElement(ExpectedConditions.java:895)
	at org.openqa.selenium.support.ui.ExpectedConditions.access$000(ExpectedConditions.java:44)
	at org.openqa.selenium.support.ui.ExpectedConditions$7.apply(ExpectedConditions.java:206)
	at org.openqa.selenium.support.ui.ExpectedConditions$7.apply(ExpectedConditions.java:202)
	at org.openqa.selenium.support.ui.ExpectedConditions$22.apply(ExpectedConditions.java:657)
	at org.openqa.selenium.support.ui.ExpectedConditions$22.apply(ExpectedConditions.java:654)
	at org.openqa.selenium.support.ui.FluentWait.until(FluentWait.java:248)
	at com.mobicom.helpers.Utility.waitForElement(Utility.java:38)
	at com.mobicom.helpers.Utility.findElement(Utility.java:53)
	at com.mobicom.tests.AddFacilityTest.clickDaysOfWeekButton(AddFacilityTest.java:116)
... Removed 29 stack frames
</div> <!-- stack-trace -->
                </div> <!-- method-content -->
              </div> <!-- method -->
              <div class="method">
                <div class="method-content">
                  <a name="clickSaveButton">
                  </a> <!-- clickSaveButton -->
                  <span class="method-name">clickSaveButton</span>
                  <div class="stack-trace">org.openqa.selenium.UnsupportedCommandException: A session with id = &apos;FA7C9533-8A52-441C-AFE9-57B4A37B77DF&apos; was not found.
Command duration or timeout: 7 milliseconds
Build info: version: &apos;3.11.0&apos;, revision: &apos;e59cfb3&apos;, time: &apos;2018-03-11T20:33:15.31Z&apos;
System info: host: &apos;Mobicoms-Mac-mini-2.local&apos;, ip: &apos;fe80:0:0:0:1429:950e:2263:4826%en0&apos;, os.name: &apos;Mac OS X&apos;, os.arch: &apos;x86_64&apos;, os.version: &apos;10.13.3&apos;, java.version: &apos;1.8.0_144&apos;
Driver info: org.openqa.selenium.safari.SafariDriver
Capabilities {applicationCacheEnabled: true, browserName: safari, cleanSession: true, cssSelectorsEnabled: true, databaseEnabled: true, handlesAlerts: true, javascriptEnabled: true, locationContextEnabled: false, nativeEvents: true, platform: MAC, platformName: MAC, rotatable: false, version: 13604.5.6, webStorageEnabled: true}
Session ID: FA7C9533-8A52-441C-AFE9-57B4A37B77DF
*** Element info: {Using=xpath, value=//input[@value=&apos;multiselect-all&apos; and @type=&apos;checkbox&apos;]}
	at org.openqa.selenium.remote.ErrorHandler.createThrowable(ErrorHandler.java:214)
	at org.openqa.selenium.remote.ErrorHandler.throwIfResponseFailed(ErrorHandler.java:166)
	at org.openqa.selenium.remote.RemoteWebDriver.execute(RemoteWebDriver.java:579)
	at org.openqa.selenium.remote.RemoteWebDriver.findElements(RemoteWebDriver.java:346)
	at org.openqa.selenium.remote.RemoteWebDriver.findElementsByXPath(RemoteWebDriver.java:425)
	at org.openqa.selenium.By$ByXPath.findElements(By.java:356)
	at org.openqa.selenium.remote.RemoteWebDriver.findElements(RemoteWebDriver.java:307)
	at org.openqa.selenium.support.ui.ExpectedConditions.findElement(ExpectedConditions.java:895)
	at org.openqa.selenium.support.ui.ExpectedConditions.access$000(ExpectedConditions.java:44)
	at org.openqa.selenium.support.ui.ExpectedConditions$7.apply(ExpectedConditions.java:206)
	at org.openqa.selenium.support.ui.ExpectedConditions$7.apply(ExpectedConditions.java:202)
	at org.openqa.selenium.support.ui.ExpectedConditions$22.apply(ExpectedConditions.java:657)
	at org.openqa.selenium.support.ui.ExpectedConditions$22.apply(ExpectedConditions.java:654)
	at org.openqa.selenium.support.ui.FluentWait.until(FluentWait.java:248)
	at com.mobicom.helpers.Utility.waitForElement(Utility.java:38)
	at com.mobicom.helpers.Utility.findElement(Utility.java:53)
	at com.mobicom.tests.AddFacilityTest.clickSaveButton(AddFacilityTest.java:122)
... Removed 29 stack frames
</div> <!-- stack-trace -->
                </div> <!-- method-content -->
              </div> <!-- method -->
              <div class="method">
                <div class="method-content">
                  <a name="clickSelectImage">
                  </a> <!-- clickSelectImage -->
                  <span class="method-name">clickSelectImage</span>
                  <div class="stack-trace">org.openqa.selenium.UnsupportedCommandException: A session with id = &apos;FA7C9533-8A52-441C-AFE9-57B4A37B77DF&apos; was not found.
Command duration or timeout: 21 milliseconds
Build info: version: &apos;3.11.0&apos;, revision: &apos;e59cfb3&apos;, time: &apos;2018-03-11T20:33:15.31Z&apos;
System info: host: &apos;Mobicoms-Mac-mini-2.local&apos;, ip: &apos;fe80:0:0:0:1429:950e:2263:4826%en0&apos;, os.name: &apos;Mac OS X&apos;, os.arch: &apos;x86_64&apos;, os.version: &apos;10.13.3&apos;, java.version: &apos;1.8.0_144&apos;
Driver info: org.openqa.selenium.safari.SafariDriver
Capabilities {applicationCacheEnabled: true, browserName: safari, cleanSession: true, cssSelectorsEnabled: true, databaseEnabled: true, handlesAlerts: true, javascriptEnabled: true, locationContextEnabled: false, nativeEvents: true, platform: MAC, platformName: MAC, rotatable: false, version: 13604.5.6, webStorageEnabled: true}
Session ID: FA7C9533-8A52-441C-AFE9-57B4A37B77DF
*** Element info: {Using=xpath, value=//a[text()=&apos;select Images&apos;]}
	at org.openqa.selenium.remote.ErrorHandler.createThrowable(ErrorHandler.java:214)
	at org.openqa.selenium.remote.ErrorHandler.throwIfResponseFailed(ErrorHandler.java:166)
	at org.openqa.selenium.remote.RemoteWebDriver.execute(RemoteWebDriver.java:579)
	at org.openqa.selenium.remote.RemoteWebDriver.findElements(RemoteWebDriver.java:346)
	at org.openqa.selenium.remote.RemoteWebDriver.findElementsByXPath(RemoteWebDriver.java:425)
	at org.openqa.selenium.By$ByXPath.findElements(By.java:356)
	at org.openqa.selenium.remote.RemoteWebDriver.findElements(RemoteWebDriver.java:307)
	at org.openqa.selenium.support.ui.ExpectedConditions.findElement(ExpectedConditions.java:895)
	at org.openqa.selenium.support.ui.ExpectedConditions.access$000(ExpectedConditions.java:44)
	at org.openqa.selenium.support.ui.ExpectedConditions$7.apply(ExpectedConditions.java:206)
	at org.openqa.selenium.support.ui.ExpectedConditions$7.apply(ExpectedConditions.java:202)
	at org.openqa.selenium.support.ui.ExpectedConditions$22.apply(ExpectedConditions.java:657)
	at org.openqa.selenium.support.ui.ExpectedConditions$22.apply(ExpectedConditions.java:654)
	at org.openqa.selenium.support.ui.FluentWait.until(FluentWait.java:248)
	at com.mobicom.helpers.Utility.waitForElement(Utility.java:38)
	at com.mobicom.helpers.Utility.findElement(Utility.java:53)
	at com.mobicom.tests.AddFacilityTest.clickSelectImage(AddFacilityTest.java:63)
... Removed 29 stack frames
</div> <!-- stack-trace -->
                </div> <!-- method-content -->
              </div> <!-- method -->
              <div class="method">
                <div class="method-content">
                  <a name="deleteFacility">
                  </a> <!-- deleteFacility -->
                  <span class="method-name">deleteFacility</span>
                  <div class="stack-trace">org.openqa.selenium.UnsupportedCommandException: A session with id = &apos;FA7C9533-8A52-441C-AFE9-57B4A37B77DF&apos; was not found.
Command duration or timeout: 10 milliseconds
Build info: version: &apos;3.11.0&apos;, revision: &apos;e59cfb3&apos;, time: &apos;2018-03-11T20:33:15.31Z&apos;
System info: host: &apos;Mobicoms-Mac-mini-2.local&apos;, ip: &apos;fe80:0:0:0:1429:950e:2263:4826%en0&apos;, os.name: &apos;Mac OS X&apos;, os.arch: &apos;x86_64&apos;, os.version: &apos;10.13.3&apos;, java.version: &apos;1.8.0_144&apos;
Driver info: org.openqa.selenium.safari.SafariDriver
Capabilities {applicationCacheEnabled: true, browserName: safari, cleanSession: true, cssSelectorsEnabled: true, databaseEnabled: true, handlesAlerts: true, javascriptEnabled: true, locationContextEnabled: false, nativeEvents: true, platform: MAC, platformName: MAC, rotatable: false, version: 13604.5.6, webStorageEnabled: true}
Session ID: FA7C9533-8A52-441C-AFE9-57B4A37B77DF
*** Element info: {Using=xpath, value=//b[text()=&apos;AutoFacility&apos;]/../following-sibling::a}
	at org.openqa.selenium.remote.ErrorHandler.createThrowable(ErrorHandler.java:214)
	at org.openqa.selenium.remote.ErrorHandler.throwIfResponseFailed(ErrorHandler.java:166)
	at org.openqa.selenium.remote.RemoteWebDriver.execute(RemoteWebDriver.java:579)
	at org.openqa.selenium.remote.RemoteWebDriver.findElements(RemoteWebDriver.java:346)
	at org.openqa.selenium.remote.RemoteWebDriver.findElementsByXPath(RemoteWebDriver.java:425)
	at org.openqa.selenium.By$ByXPath.findElements(By.java:356)
	at org.openqa.selenium.remote.RemoteWebDriver.findElements(RemoteWebDriver.java:307)
	at org.openqa.selenium.support.ui.ExpectedConditions.findElement(ExpectedConditions.java:895)
	at org.openqa.selenium.support.ui.ExpectedConditions.access$000(ExpectedConditions.java:44)
	at org.openqa.selenium.support.ui.ExpectedConditions$7.apply(ExpectedConditions.java:206)
	at org.openqa.selenium.support.ui.ExpectedConditions$7.apply(ExpectedConditions.java:202)
	at org.openqa.selenium.support.ui.ExpectedConditions$22.apply(ExpectedConditions.java:657)
	at org.openqa.selenium.support.ui.ExpectedConditions$22.apply(ExpectedConditions.java:654)
	at org.openqa.selenium.support.ui.FluentWait.until(FluentWait.java:248)
	at com.mobicom.helpers.Utility.waitForElement(Utility.java:38)
	at com.mobicom.helpers.Utility.findElement(Utility.java:53)
	at com.mobicom.tests.AddFacilityTest.deleteFacility(AddFacilityTest.java:141)
... Removed 28 stack frames
</div> <!-- stack-trace -->
                </div> <!-- method-content -->
              </div> <!-- method -->
              <div class="method">
                <div class="method-content">
                  <a name="enterFacilityCancellationPolicy">
                  </a> <!-- enterFacilityCancellationPolicy -->
                  <span class="method-name">enterFacilityCancellationPolicy</span>
                  <div class="stack-trace">org.openqa.selenium.UnsupportedCommandException: A session with id = &apos;FA7C9533-8A52-441C-AFE9-57B4A37B77DF&apos; was not found.
Command duration or timeout: 7 milliseconds
Build info: version: &apos;3.11.0&apos;, revision: &apos;e59cfb3&apos;, time: &apos;2018-03-11T20:33:15.31Z&apos;
System info: host: &apos;Mobicoms-Mac-mini-2.local&apos;, ip: &apos;fe80:0:0:0:1429:950e:2263:4826%en0&apos;, os.name: &apos;Mac OS X&apos;, os.arch: &apos;x86_64&apos;, os.version: &apos;10.13.3&apos;, java.version: &apos;1.8.0_144&apos;
Driver info: org.openqa.selenium.safari.SafariDriver
Capabilities {applicationCacheEnabled: true, browserName: safari, cleanSession: true, cssSelectorsEnabled: true, databaseEnabled: true, handlesAlerts: true, javascriptEnabled: true, locationContextEnabled: false, nativeEvents: true, platform: MAC, platformName: MAC, rotatable: false, version: 13604.5.6, webStorageEnabled: true}
Session ID: FA7C9533-8A52-441C-AFE9-57B4A37B77DF
*** Element info: {Using=xpath, value=//iframe[@title=&apos;Rich Text Editor, cancellationPolicy&apos;]}
	at org.openqa.selenium.remote.ErrorHandler.createThrowable(ErrorHandler.java:214)
	at org.openqa.selenium.remote.ErrorHandler.throwIfResponseFailed(ErrorHandler.java:166)
	at org.openqa.selenium.remote.RemoteWebDriver.execute(RemoteWebDriver.java:579)
	at org.openqa.selenium.remote.RemoteWebDriver.findElements(RemoteWebDriver.java:346)
	at org.openqa.selenium.remote.RemoteWebDriver.findElementsByXPath(RemoteWebDriver.java:425)
	at org.openqa.selenium.By$ByXPath.findElements(By.java:356)
	at org.openqa.selenium.remote.RemoteWebDriver.findElements(RemoteWebDriver.java:307)
	at org.openqa.selenium.support.ui.ExpectedConditions.findElement(ExpectedConditions.java:895)
	at org.openqa.selenium.support.ui.ExpectedConditions.access$000(ExpectedConditions.java:44)
	at org.openqa.selenium.support.ui.ExpectedConditions$7.apply(ExpectedConditions.java:206)
	at org.openqa.selenium.support.ui.ExpectedConditions$7.apply(ExpectedConditions.java:202)
	at org.openqa.selenium.support.ui.ExpectedConditions$22.apply(ExpectedConditions.java:657)
	at org.openqa.selenium.support.ui.ExpectedConditions$22.apply(ExpectedConditions.java:654)
	at org.openqa.selenium.support.ui.FluentWait.until(FluentWait.java:248)
	at com.mobicom.helpers.Utility.waitForElement(Utility.java:38)
	at com.mobicom.helpers.Utility.findElement(Utility.java:53)
	at com.mobicom.tests.AddFacilityTest.enterFacilityCancellationPolicy(AddFacilityTest.java:106)
... Removed 29 stack frames
</div> <!-- stack-trace -->
                </div> <!-- method-content -->
              </div> <!-- method -->
              <div class="method">
                <div class="method-content">
                  <a name="enterFacilityDescription">
                  </a> <!-- enterFacilityDescription -->
                  <span class="method-name">enterFacilityDescription</span>
                  <div class="stack-trace">org.openqa.selenium.UnsupportedCommandException: A session with id = &apos;FA7C9533-8A52-441C-AFE9-57B4A37B77DF&apos; was not found.
Command duration or timeout: 24 milliseconds
Build info: version: &apos;3.11.0&apos;, revision: &apos;e59cfb3&apos;, time: &apos;2018-03-11T20:33:15.31Z&apos;
System info: host: &apos;Mobicoms-Mac-mini-2.local&apos;, ip: &apos;fe80:0:0:0:1429:950e:2263:4826%en0&apos;, os.name: &apos;Mac OS X&apos;, os.arch: &apos;x86_64&apos;, os.version: &apos;10.13.3&apos;, java.version: &apos;1.8.0_144&apos;
Driver info: org.openqa.selenium.safari.SafariDriver
Capabilities {applicationCacheEnabled: true, browserName: safari, cleanSession: true, cssSelectorsEnabled: true, databaseEnabled: true, handlesAlerts: true, javascriptEnabled: true, locationContextEnabled: false, nativeEvents: true, platform: MAC, platformName: MAC, rotatable: false, version: 13604.5.6, webStorageEnabled: true}
Session ID: FA7C9533-8A52-441C-AFE9-57B4A37B77DF
*** Element info: {Using=xpath, value=//iframe[@title=&apos;Rich Text Editor, DescriptionID&apos;]}
	at org.openqa.selenium.remote.ErrorHandler.createThrowable(ErrorHandler.java:214)
	at org.openqa.selenium.remote.ErrorHandler.throwIfResponseFailed(ErrorHandler.java:166)
	at org.openqa.selenium.remote.RemoteWebDriver.execute(RemoteWebDriver.java:579)
	at org.openqa.selenium.remote.RemoteWebDriver.findElements(RemoteWebDriver.java:346)
	at org.openqa.selenium.remote.RemoteWebDriver.findElementsByXPath(RemoteWebDriver.java:425)
	at org.openqa.selenium.By$ByXPath.findElements(By.java:356)
	at org.openqa.selenium.remote.RemoteWebDriver.findElements(RemoteWebDriver.java:307)
	at org.openqa.selenium.support.ui.ExpectedConditions.findElement(ExpectedConditions.java:895)
	at org.openqa.selenium.support.ui.ExpectedConditions.access$000(ExpectedConditions.java:44)
	at org.openqa.selenium.support.ui.ExpectedConditions$7.apply(ExpectedConditions.java:206)
	at org.openqa.selenium.support.ui.ExpectedConditions$7.apply(ExpectedConditions.java:202)
	at org.openqa.selenium.support.ui.ExpectedConditions$22.apply(ExpectedConditions.java:657)
	at org.openqa.selenium.support.ui.ExpectedConditions$22.apply(ExpectedConditions.java:654)
	at org.openqa.selenium.support.ui.FluentWait.until(FluentWait.java:248)
	at com.mobicom.helpers.Utility.waitForElement(Utility.java:38)
	at com.mobicom.helpers.Utility.findElement(Utility.java:53)
	at com.mobicom.tests.AddFacilityTest.enterFacilityDescription(AddFacilityTest.java:90)
... Removed 29 stack frames
</div> <!-- stack-trace -->
                </div> <!-- method-content -->
              </div> <!-- method -->
              <div class="method">
                <div class="method-content">
                  <a name="enterFacilityName">
                  </a> <!-- enterFacilityName -->
                  <span class="method-name">enterFacilityName</span>
                  <div class="stack-trace">org.openqa.selenium.UnsupportedCommandException: A session with id = &apos;FA7C9533-8A52-441C-AFE9-57B4A37B77DF&apos; was not found.
Command duration or timeout: 7 milliseconds
Build info: version: &apos;3.11.0&apos;, revision: &apos;e59cfb3&apos;, time: &apos;2018-03-11T20:33:15.31Z&apos;
System info: host: &apos;Mobicoms-Mac-mini-2.local&apos;, ip: &apos;fe80:0:0:0:1429:950e:2263:4826%en0&apos;, os.name: &apos;Mac OS X&apos;, os.arch: &apos;x86_64&apos;, os.version: &apos;10.13.3&apos;, java.version: &apos;1.8.0_144&apos;
Driver info: org.openqa.selenium.safari.SafariDriver
Capabilities {applicationCacheEnabled: true, browserName: safari, cleanSession: true, cssSelectorsEnabled: true, databaseEnabled: true, handlesAlerts: true, javascriptEnabled: true, locationContextEnabled: false, nativeEvents: true, platform: MAC, platformName: MAC, rotatable: false, version: 13604.5.6, webStorageEnabled: true}
Session ID: FA7C9533-8A52-441C-AFE9-57B4A37B77DF
*** Element info: {Using=id, value=facility_name}
	at org.openqa.selenium.remote.ErrorHandler.createThrowable(ErrorHandler.java:214)
	at org.openqa.selenium.remote.ErrorHandler.throwIfResponseFailed(ErrorHandler.java:166)
	at org.openqa.selenium.remote.RemoteWebDriver.execute(RemoteWebDriver.java:579)
	at org.openqa.selenium.remote.RemoteWebDriver.findElements(RemoteWebDriver.java:346)
	at org.openqa.selenium.remote.RemoteWebDriver.findElementsById(RemoteWebDriver.java:369)
	at org.openqa.selenium.By$ById.findElements(By.java:210)
	at org.openqa.selenium.remote.RemoteWebDriver.findElements(RemoteWebDriver.java:307)
	at org.openqa.selenium.support.ui.ExpectedConditions.findElement(ExpectedConditions.java:895)
	at org.openqa.selenium.support.ui.ExpectedConditions.access$000(ExpectedConditions.java:44)
	at org.openqa.selenium.support.ui.ExpectedConditions$7.apply(ExpectedConditions.java:206)
	at org.openqa.selenium.support.ui.ExpectedConditions$7.apply(ExpectedConditions.java:202)
	at org.openqa.selenium.support.ui.ExpectedConditions$22.apply(ExpectedConditions.java:657)
	at org.openqa.selenium.support.ui.ExpectedConditions$22.apply(ExpectedConditions.java:654)
	at org.openqa.selenium.support.ui.FluentWait.until(FluentWait.java:248)
	at com.mobicom.helpers.Utility.waitForElement(Utility.java:38)
	at com.mobicom.helpers.Utility.findElement(Utility.java:53)
	at com.mobicom.tests.AddFacilityTest.enterFacilityName(AddFacilityTest.java:77)
... Removed 29 stack frames
</div> <!-- stack-trace -->
                </div> <!-- method-content -->
              </div> <!-- method -->
              <div class="method">
                <div class="method-content">
                  <a name="enterFacilityRules">
                  </a> <!-- enterFacilityRules -->
                  <span class="method-name">enterFacilityRules</span>
                  <div class="stack-trace">org.openqa.selenium.UnsupportedCommandException: A session with id = &apos;FA7C9533-8A52-441C-AFE9-57B4A37B77DF&apos; was not found.
Command duration or timeout: 33 milliseconds
Build info: version: &apos;3.11.0&apos;, revision: &apos;e59cfb3&apos;, time: &apos;2018-03-11T20:33:15.31Z&apos;
System info: host: &apos;Mobicoms-Mac-mini-2.local&apos;, ip: &apos;fe80:0:0:0:1429:950e:2263:4826%en0&apos;, os.name: &apos;Mac OS X&apos;, os.arch: &apos;x86_64&apos;, os.version: &apos;10.13.3&apos;, java.version: &apos;1.8.0_144&apos;
Driver info: org.openqa.selenium.safari.SafariDriver
Capabilities {applicationCacheEnabled: true, browserName: safari, cleanSession: true, cssSelectorsEnabled: true, databaseEnabled: true, handlesAlerts: true, javascriptEnabled: true, locationContextEnabled: false, nativeEvents: true, platform: MAC, platformName: MAC, rotatable: false, version: 13604.5.6, webStorageEnabled: true}
Session ID: FA7C9533-8A52-441C-AFE9-57B4A37B77DF
*** Element info: {Using=xpath, value=//iframe[@title=&apos;Rich Text Editor, rulesID&apos;]}
	at org.openqa.selenium.remote.ErrorHandler.createThrowable(ErrorHandler.java:214)
	at org.openqa.selenium.remote.ErrorHandler.throwIfResponseFailed(ErrorHandler.java:166)
	at org.openqa.selenium.remote.RemoteWebDriver.execute(RemoteWebDriver.java:579)
	at org.openqa.selenium.remote.RemoteWebDriver.findElements(RemoteWebDriver.java:346)
	at org.openqa.selenium.remote.RemoteWebDriver.findElementsByXPath(RemoteWebDriver.java:425)
	at org.openqa.selenium.By$ByXPath.findElements(By.java:356)
	at org.openqa.selenium.remote.RemoteWebDriver.findElements(RemoteWebDriver.java:307)
	at org.openqa.selenium.support.ui.ExpectedConditions.findElement(ExpectedConditions.java:895)
	at org.openqa.selenium.support.ui.ExpectedConditions.access$000(ExpectedConditions.java:44)
	at org.openqa.selenium.support.ui.ExpectedConditions$7.apply(ExpectedConditions.java:206)
	at org.openqa.selenium.support.ui.ExpectedConditions$7.apply(ExpectedConditions.java:202)
	at org.openqa.selenium.support.ui.ExpectedConditions$22.apply(ExpectedConditions.java:657)
	at org.openqa.selenium.support.ui.ExpectedConditions$22.apply(ExpectedConditions.java:654)
	at org.openqa.selenium.support.ui.FluentWait.until(FluentWait.java:248)
	at com.mobicom.helpers.Utility.waitForElement(Utility.java:38)
	at com.mobicom.helpers.Utility.findElement(Utility.java:53)
	at com.mobicom.tests.AddFacilityTest.enterFacilityRules(AddFacilityTest.java:98)
... Removed 29 stack frames
</div> <!-- stack-trace -->
                </div> <!-- method-content -->
              </div> <!-- method -->
              <div class="method">
                <div class="method-content">
                  <a name="publishNewfacility">
                  </a> <!-- publishNewfacility -->
                  <span class="method-name">publishNewfacility</span>
                  <div class="stack-trace">org.openqa.selenium.UnsupportedCommandException: A session with id = &apos;FA7C9533-8A52-441C-AFE9-57B4A37B77DF&apos; was not found.
Command duration or timeout: 8 milliseconds
Build info: version: &apos;3.11.0&apos;, revision: &apos;e59cfb3&apos;, time: &apos;2018-03-11T20:33:15.31Z&apos;
System info: host: &apos;Mobicoms-Mac-mini-2.local&apos;, ip: &apos;fe80:0:0:0:1429:950e:2263:4826%en0&apos;, os.name: &apos;Mac OS X&apos;, os.arch: &apos;x86_64&apos;, os.version: &apos;10.13.3&apos;, java.version: &apos;1.8.0_144&apos;
Driver info: org.openqa.selenium.safari.SafariDriver
Capabilities {applicationCacheEnabled: true, browserName: safari, cleanSession: true, cssSelectorsEnabled: true, databaseEnabled: true, handlesAlerts: true, javascriptEnabled: true, locationContextEnabled: false, nativeEvents: true, platform: MAC, platformName: MAC, rotatable: false, version: 13604.5.6, webStorageEnabled: true}
Session ID: FA7C9533-8A52-441C-AFE9-57B4A37B77DF
*** Element info: {Using=xpath, value=//div[@class=&apos;card-header ellip&apos;]/b[text()=&apos;AutoFacility&apos;]}
	at org.openqa.selenium.remote.ErrorHandler.createThrowable(ErrorHandler.java:214)
	at org.openqa.selenium.remote.ErrorHandler.throwIfResponseFailed(ErrorHandler.java:166)
	at org.openqa.selenium.remote.RemoteWebDriver.execute(RemoteWebDriver.java:579)
	at org.openqa.selenium.remote.RemoteWebDriver.findElements(RemoteWebDriver.java:346)
	at org.openqa.selenium.remote.RemoteWebDriver.findElementsByXPath(RemoteWebDriver.java:425)
	at org.openqa.selenium.By$ByXPath.findElements(By.java:356)
	at org.openqa.selenium.remote.RemoteWebDriver.findElements(RemoteWebDriver.java:307)
	at org.openqa.selenium.support.ui.ExpectedConditions.findElement(ExpectedConditions.java:895)
	at org.openqa.selenium.support.ui.ExpectedConditions.access$000(ExpectedConditions.java:44)
	at org.openqa.selenium.support.ui.ExpectedConditions$7.apply(ExpectedConditions.java:206)
	at org.openqa.selenium.support.ui.ExpectedConditions$7.apply(ExpectedConditions.java:202)
	at org.openqa.selenium.support.ui.ExpectedConditions$22.apply(ExpectedConditions.java:657)
	at org.openqa.selenium.support.ui.ExpectedConditions$22.apply(ExpectedConditions.java:654)
	at org.openqa.selenium.support.ui.FluentWait.until(FluentWait.java:248)
	at com.mobicom.helpers.Utility.waitForElement(Utility.java:38)
	at com.mobicom.helpers.Utility.findElement(Utility.java:53)
	at com.mobicom.tests.AddFacilityTest.publishNewfacility(AddFacilityTest.java:132)
... Removed 29 stack frames
</div> <!-- stack-trace -->
                </div> <!-- method-content -->
              </div> <!-- method -->
              <div class="method">
                <div class="method-content">
                  <a name="selectAnImage">
                  </a> <!-- selectAnImage -->
                  <span class="method-name">selectAnImage</span>
                  <div class="stack-trace">org.openqa.selenium.UnsupportedCommandException: A session with id = &apos;FA7C9533-8A52-441C-AFE9-57B4A37B77DF&apos; was not found.
Command duration or timeout: 13 milliseconds
Build info: version: &apos;3.11.0&apos;, revision: &apos;e59cfb3&apos;, time: &apos;2018-03-11T20:33:15.31Z&apos;
System info: host: &apos;Mobicoms-Mac-mini-2.local&apos;, ip: &apos;fe80:0:0:0:1429:950e:2263:4826%en0&apos;, os.name: &apos;Mac OS X&apos;, os.arch: &apos;x86_64&apos;, os.version: &apos;10.13.3&apos;, java.version: &apos;1.8.0_144&apos;
Driver info: org.openqa.selenium.safari.SafariDriver
Capabilities {applicationCacheEnabled: true, browserName: safari, cleanSession: true, cssSelectorsEnabled: true, databaseEnabled: true, handlesAlerts: true, javascriptEnabled: true, locationContextEnabled: false, nativeEvents: true, platform: MAC, platformName: MAC, rotatable: false, version: 13604.5.6, webStorageEnabled: true}
Session ID: FA7C9533-8A52-441C-AFE9-57B4A37B77DF
*** Element info: {Using=xpath, value=//img[@title=&apos;newImage&apos;]}
	at org.openqa.selenium.remote.ErrorHandler.createThrowable(ErrorHandler.java:214)
	at org.openqa.selenium.remote.ErrorHandler.throwIfResponseFailed(ErrorHandler.java:166)
	at org.openqa.selenium.remote.RemoteWebDriver.execute(RemoteWebDriver.java:579)
	at org.openqa.selenium.remote.RemoteWebDriver.findElements(RemoteWebDriver.java:346)
	at org.openqa.selenium.remote.RemoteWebDriver.findElementsByXPath(RemoteWebDriver.java:425)
	at org.openqa.selenium.By$ByXPath.findElements(By.java:356)
	at org.openqa.selenium.remote.RemoteWebDriver.findElements(RemoteWebDriver.java:307)
	at org.openqa.selenium.support.ui.ExpectedConditions.findElement(ExpectedConditions.java:895)
	at org.openqa.selenium.support.ui.ExpectedConditions.access$000(ExpectedConditions.java:44)
	at org.openqa.selenium.support.ui.ExpectedConditions$7.apply(ExpectedConditions.java:206)
	at org.openqa.selenium.support.ui.ExpectedConditions$7.apply(ExpectedConditions.java:202)
	at org.openqa.selenium.support.ui.ExpectedConditions$22.apply(ExpectedConditions.java:657)
	at org.openqa.selenium.support.ui.ExpectedConditions$22.apply(ExpectedConditions.java:654)
	at org.openqa.selenium.support.ui.FluentWait.until(FluentWait.java:248)
	at com.mobicom.helpers.Utility.waitForElement(Utility.java:38)
	at com.mobicom.helpers.Utility.findElement(Utility.java:53)
	at com.mobicom.tests.AddFacilityTest.selectAnImage(AddFacilityTest.java:70)
... Removed 29 stack frames
</div> <!-- stack-trace -->
                </div> <!-- method-content -->
              </div> <!-- method -->
              <div class="method">
                <div class="method-content">
                  <a name="selectFacilityCategory">
                  </a> <!-- selectFacilityCategory -->
                  <span class="method-name">selectFacilityCategory</span>
                  <div class="stack-trace">org.openqa.selenium.UnsupportedCommandException: A session with id = &apos;FA7C9533-8A52-441C-AFE9-57B4A37B77DF&apos; was not found.
Command duration or timeout: 5 milliseconds
Build info: version: &apos;3.11.0&apos;, revision: &apos;e59cfb3&apos;, time: &apos;2018-03-11T20:33:15.31Z&apos;
System info: host: &apos;Mobicoms-Mac-mini-2.local&apos;, ip: &apos;fe80:0:0:0:1429:950e:2263:4826%en0&apos;, os.name: &apos;Mac OS X&apos;, os.arch: &apos;x86_64&apos;, os.version: &apos;10.13.3&apos;, java.version: &apos;1.8.0_144&apos;
Driver info: org.openqa.selenium.safari.SafariDriver
Capabilities {applicationCacheEnabled: true, browserName: safari, cleanSession: true, cssSelectorsEnabled: true, databaseEnabled: true, handlesAlerts: true, javascriptEnabled: true, locationContextEnabled: false, nativeEvents: true, platform: MAC, platformName: MAC, rotatable: false, version: 13604.5.6, webStorageEnabled: true}
Session ID: FA7C9533-8A52-441C-AFE9-57B4A37B77DF
*** Element info: {Using=id, value=facilityId}
	at org.openqa.selenium.remote.ErrorHandler.createThrowable(ErrorHandler.java:214)
	at org.openqa.selenium.remote.ErrorHandler.throwIfResponseFailed(ErrorHandler.java:166)
	at org.openqa.selenium.remote.RemoteWebDriver.execute(RemoteWebDriver.java:579)
	at org.openqa.selenium.remote.RemoteWebDriver.findElements(RemoteWebDriver.java:346)
	at org.openqa.selenium.remote.RemoteWebDriver.findElementsById(RemoteWebDriver.java:369)
	at org.openqa.selenium.By$ById.findElements(By.java:210)
	at org.openqa.selenium.remote.RemoteWebDriver.findElements(RemoteWebDriver.java:307)
	at org.openqa.selenium.support.ui.ExpectedConditions.findElement(ExpectedConditions.java:895)
	at org.openqa.selenium.support.ui.ExpectedConditions.access$000(ExpectedConditions.java:44)
	at org.openqa.selenium.support.ui.ExpectedConditions$7.apply(ExpectedConditions.java:206)
	at org.openqa.selenium.support.ui.ExpectedConditions$7.apply(ExpectedConditions.java:202)
	at org.openqa.selenium.support.ui.ExpectedConditions$22.apply(ExpectedConditions.java:657)
	at org.openqa.selenium.support.ui.ExpectedConditions$22.apply(ExpectedConditions.java:654)
	at org.openqa.selenium.support.ui.FluentWait.until(FluentWait.java:248)
	at com.mobicom.helpers.Utility.waitForElement(Utility.java:38)
	at com.mobicom.helpers.Utility.findElement(Utility.java:53)
	at com.mobicom.tests.AddFacilityTest.selectFacilityCategory(AddFacilityTest.java:83)
... Removed 29 stack frames
</div> <!-- stack-trace -->
                </div> <!-- method-content -->
              </div> <!-- method -->
              <div class="method">
                <div class="method-content">
                  <a name="verifyClubFacilitiesElements(By.xpath: //div[@class=&quot;card-header ellip&quot;]/b[text()=&#039;New Test Facility&#039;], Added facility not found)">
                  </a> <!-- verifyClubFacilitiesElements(By.xpath: //div[@class="card-header ellip"]/b[text()='New Test Facility'], Added facility not found) -->
                  <span class="method-name">verifyClubFacilitiesElements</span>
                  <span class="parameters">(By.xpath: //div[@class="card-header ellip"]/b[text()='New Test Facility'], Added facility not found)</span>
                  <div class="stack-trace">org.openqa.selenium.UnsupportedCommandException: A session with id = &apos;FA7C9533-8A52-441C-AFE9-57B4A37B77DF&apos; was not found.
Command duration or timeout: 9 milliseconds
Build info: version: &apos;3.11.0&apos;, revision: &apos;e59cfb3&apos;, time: &apos;2018-03-11T20:33:15.31Z&apos;
System info: host: &apos;Mobicoms-Mac-mini-2.local&apos;, ip: &apos;fe80:0:0:0:1429:950e:2263:4826%en0&apos;, os.name: &apos;Mac OS X&apos;, os.arch: &apos;x86_64&apos;, os.version: &apos;10.13.3&apos;, java.version: &apos;1.8.0_144&apos;
Driver info: org.openqa.selenium.safari.SafariDriver
Capabilities {applicationCacheEnabled: true, browserName: safari, cleanSession: true, cssSelectorsEnabled: true, databaseEnabled: true, handlesAlerts: true, javascriptEnabled: true, locationContextEnabled: false, nativeEvents: true, platform: MAC, platformName: MAC, rotatable: false, version: 13604.5.6, webStorageEnabled: true}
Session ID: FA7C9533-8A52-441C-AFE9-57B4A37B77DF
*** Element info: {Using=xpath, value=//div[@class=&quot;card-header ellip&quot;]/b[text()=&apos;New Test Facility&apos;]}
	at org.openqa.selenium.remote.ErrorHandler.createThrowable(ErrorHandler.java:214)
	at org.openqa.selenium.remote.ErrorHandler.throwIfResponseFailed(ErrorHandler.java:166)
	at org.openqa.selenium.remote.RemoteWebDriver.execute(RemoteWebDriver.java:579)
	at org.openqa.selenium.remote.RemoteWebDriver.findElements(RemoteWebDriver.java:346)
	at org.openqa.selenium.remote.RemoteWebDriver.findElementsByXPath(RemoteWebDriver.java:425)
	at org.openqa.selenium.By$ByXPath.findElements(By.java:356)
	at org.openqa.selenium.remote.RemoteWebDriver.findElements(RemoteWebDriver.java:307)
	at org.openqa.selenium.support.ui.ExpectedConditions.findElement(ExpectedConditions.java:895)
	at org.openqa.selenium.support.ui.ExpectedConditions.access$000(ExpectedConditions.java:44)
	at org.openqa.selenium.support.ui.ExpectedConditions$7.apply(ExpectedConditions.java:206)
	at org.openqa.selenium.support.ui.ExpectedConditions$7.apply(ExpectedConditions.java:202)
	at org.openqa.selenium.support.ui.ExpectedConditions$22.apply(ExpectedConditions.java:657)
	at org.openqa.selenium.support.ui.ExpectedConditions$22.apply(ExpectedConditions.java:654)
	at org.openqa.selenium.support.ui.FluentWait.until(FluentWait.java:248)
	at com.mobicom.helpers.Utility.waitForElement(Utility.java:38)
	at com.mobicom.helpers.Utility.findElement(Utility.java:53)
	at com.mobicom.helpers.Utility.isElementDisplayed(Utility.java:87)
	at com.mobicom.tests.AddFacilityTest.verifyClubFacilitiesElements(AddFacilityTest.java:51)
... Removed 29 stack frames
</div> <!-- stack-trace -->
                </div> <!-- method-content -->
              </div> <!-- method -->
              <div class="method">
                <div class="method-content">
                  <a name="verifyClubFacilitiesElements(By.xpath: //a[@title=&#039;Delete&#039;], Delete button not found)">
                  </a> <!-- verifyClubFacilitiesElements(By.xpath: //a[@title='Delete'], Delete button not found) -->
                  <span class="method-name">verifyClubFacilitiesElements</span>
                  <span class="parameters">(By.xpath: //a[@title='Delete'], Delete button not found)</span>
                  <div class="stack-trace">org.openqa.selenium.UnsupportedCommandException: A session with id = &apos;FA7C9533-8A52-441C-AFE9-57B4A37B77DF&apos; was not found.
Command duration or timeout: 6 milliseconds
Build info: version: &apos;3.11.0&apos;, revision: &apos;e59cfb3&apos;, time: &apos;2018-03-11T20:33:15.31Z&apos;
System info: host: &apos;Mobicoms-Mac-mini-2.local&apos;, ip: &apos;fe80:0:0:0:1429:950e:2263:4826%en0&apos;, os.name: &apos;Mac OS X&apos;, os.arch: &apos;x86_64&apos;, os.version: &apos;10.13.3&apos;, java.version: &apos;1.8.0_144&apos;
Driver info: org.openqa.selenium.safari.SafariDriver
Capabilities {applicationCacheEnabled: true, browserName: safari, cleanSession: true, cssSelectorsEnabled: true, databaseEnabled: true, handlesAlerts: true, javascriptEnabled: true, locationContextEnabled: false, nativeEvents: true, platform: MAC, platformName: MAC, rotatable: false, version: 13604.5.6, webStorageEnabled: true}
Session ID: FA7C9533-8A52-441C-AFE9-57B4A37B77DF
*** Element info: {Using=xpath, value=//a[@title=&apos;Delete&apos;]}
	at org.openqa.selenium.remote.ErrorHandler.createThrowable(ErrorHandler.java:214)
	at org.openqa.selenium.remote.ErrorHandler.throwIfResponseFailed(ErrorHandler.java:166)
	at org.openqa.selenium.remote.RemoteWebDriver.execute(RemoteWebDriver.java:579)
	at org.openqa.selenium.remote.RemoteWebDriver.findElements(RemoteWebDriver.java:346)
	at org.openqa.selenium.remote.RemoteWebDriver.findElementsByXPath(RemoteWebDriver.java:425)
	at org.openqa.selenium.By$ByXPath.findElements(By.java:356)
	at org.openqa.selenium.remote.RemoteWebDriver.findElements(RemoteWebDriver.java:307)
	at org.openqa.selenium.support.ui.ExpectedConditions.findElement(ExpectedConditions.java:895)
	at org.openqa.selenium.support.ui.ExpectedConditions.access$000(ExpectedConditions.java:44)
	at org.openqa.selenium.support.ui.ExpectedConditions$7.apply(ExpectedConditions.java:206)
	at org.openqa.selenium.support.ui.ExpectedConditions$7.apply(ExpectedConditions.java:202)
	at org.openqa.selenium.support.ui.ExpectedConditions$22.apply(ExpectedConditions.java:657)
	at org.openqa.selenium.support.ui.ExpectedConditions$22.apply(ExpectedConditions.java:654)
	at org.openqa.selenium.support.ui.FluentWait.until(FluentWait.java:248)
	at com.mobicom.helpers.Utility.waitForElement(Utility.java:38)
	at com.mobicom.helpers.Utility.findElement(Utility.java:53)
	at com.mobicom.helpers.Utility.isElementDisplayed(Utility.java:87)
	at com.mobicom.tests.AddFacilityTest.verifyClubFacilitiesElements(AddFacilityTest.java:51)
... Removed 29 stack frames
</div> <!-- stack-trace -->
                </div> <!-- method-content -->
              </div> <!-- method -->
              <div class="method">
                <div class="method-content">
                  <a name="verifyClubFacilitiesElements(By.xpath: //p[@class=&quot;card-header&quot;]/b, Add facilities button not found)">
                  </a> <!-- verifyClubFacilitiesElements(By.xpath: //p[@class="card-header"]/b, Add facilities button not found) -->
                  <span class="method-name">verifyClubFacilitiesElements</span>
                  <span class="parameters">(By.xpath: //p[@class="card-header"]/b, Add facilities button not found)</span>
                  <div class="stack-trace">org.openqa.selenium.UnsupportedCommandException: A session with id = &apos;FA7C9533-8A52-441C-AFE9-57B4A37B77DF&apos; was not found.
Command duration or timeout: 7 milliseconds
Build info: version: &apos;3.11.0&apos;, revision: &apos;e59cfb3&apos;, time: &apos;2018-03-11T20:33:15.31Z&apos;
System info: host: &apos;Mobicoms-Mac-mini-2.local&apos;, ip: &apos;fe80:0:0:0:1429:950e:2263:4826%en0&apos;, os.name: &apos;Mac OS X&apos;, os.arch: &apos;x86_64&apos;, os.version: &apos;10.13.3&apos;, java.version: &apos;1.8.0_144&apos;
Driver info: org.openqa.selenium.safari.SafariDriver
Capabilities {applicationCacheEnabled: true, browserName: safari, cleanSession: true, cssSelectorsEnabled: true, databaseEnabled: true, handlesAlerts: true, javascriptEnabled: true, locationContextEnabled: false, nativeEvents: true, platform: MAC, platformName: MAC, rotatable: false, version: 13604.5.6, webStorageEnabled: true}
Session ID: FA7C9533-8A52-441C-AFE9-57B4A37B77DF
*** Element info: {Using=xpath, value=//p[@class=&quot;card-header&quot;]/b}
	at org.openqa.selenium.remote.ErrorHandler.createThrowable(ErrorHandler.java:214)
	at org.openqa.selenium.remote.ErrorHandler.throwIfResponseFailed(ErrorHandler.java:166)
	at org.openqa.selenium.remote.RemoteWebDriver.execute(RemoteWebDriver.java:579)
	at org.openqa.selenium.remote.RemoteWebDriver.findElements(RemoteWebDriver.java:346)
	at org.openqa.selenium.remote.RemoteWebDriver.findElementsByXPath(RemoteWebDriver.java:425)
	at org.openqa.selenium.By$ByXPath.findElements(By.java:356)
	at org.openqa.selenium.remote.RemoteWebDriver.findElements(RemoteWebDriver.java:307)
	at org.openqa.selenium.support.ui.ExpectedConditions.findElement(ExpectedConditions.java:895)
	at org.openqa.selenium.support.ui.ExpectedConditions.access$000(ExpectedConditions.java:44)
	at org.openqa.selenium.support.ui.ExpectedConditions$7.apply(ExpectedConditions.java:206)
	at org.openqa.selenium.support.ui.ExpectedConditions$7.apply(ExpectedConditions.java:202)
	at org.openqa.selenium.support.ui.ExpectedConditions$22.apply(ExpectedConditions.java:657)
	at org.openqa.selenium.support.ui.ExpectedConditions$22.apply(ExpectedConditions.java:654)
	at org.openqa.selenium.support.ui.FluentWait.until(FluentWait.java:248)
	at com.mobicom.helpers.Utility.waitForElement(Utility.java:38)
	at com.mobicom.helpers.Utility.findElement(Utility.java:53)
	at com.mobicom.helpers.Utility.isElementDisplayed(Utility.java:87)
	at com.mobicom.tests.AddFacilityTest.verifyClubFacilitiesElements(AddFacilityTest.java:51)
... Removed 29 stack frames
</div> <!-- stack-trace -->
                </div> <!-- method-content -->
              </div> <!-- method -->
            </div> <!-- main-panel-content rounded-window-bottom -->
          </div> <!-- suite-Suite-class-failed -->
          <div class="suite-Suite-class-failed">
            <div class="main-panel-header rounded-window-top">
              <img src="failed.png"/>
              <span class="class-name">com.mobicom.tests.HomePageTest</span>
            </div> <!-- main-panel-header rounded-window-top -->
            <div class="main-panel-content rounded-window-bottom">
              <div class="method">
                <div class="method-content">
                  <a name="clickBasicInfoInMenu">
                  </a> <!-- clickBasicInfoInMenu -->
                  <span class="method-name">clickBasicInfoInMenu</span>
                  <div class="stack-trace">org.openqa.selenium.WebDriverException: An unknown server-side error occurred while processing the command. (WARNING: The server did not provide any stacktrace information)
Command duration or timeout: 0 milliseconds
Build info: version: &apos;3.11.0&apos;, revision: &apos;e59cfb3&apos;, time: &apos;2018-03-11T20:33:15.31Z&apos;
System info: host: &apos;Mobicoms-Mac-mini-2.local&apos;, ip: &apos;fe80:0:0:0:1429:950e:2263:4826%en0&apos;, os.name: &apos;Mac OS X&apos;, os.arch: &apos;x86_64&apos;, os.version: &apos;10.13.3&apos;, java.version: &apos;1.8.0_144&apos;
Driver info: org.openqa.selenium.safari.SafariDriver
Capabilities {applicationCacheEnabled: true, browserName: safari, cleanSession: true, cssSelectorsEnabled: true, databaseEnabled: true, handlesAlerts: true, javascriptEnabled: true, locationContextEnabled: false, nativeEvents: true, platform: MAC, platformName: MAC, rotatable: false, version: 13604.5.6, webStorageEnabled: true}
Session ID: FA7C9533-8A52-441C-AFE9-57B4A37B77DF
*** Element info: {Using=xpath, value=//span[text()=&apos;Basic Information&apos;]}
	at org.openqa.selenium.remote.ErrorHandler.createThrowable(ErrorHandler.java:214)
	at org.openqa.selenium.remote.ErrorHandler.throwIfResponseFailed(ErrorHandler.java:166)
	at org.openqa.selenium.remote.http.JsonHttpResponseCodec.reconstructValue(JsonHttpResponseCodec.java:40)
	at org.openqa.selenium.remote.http.AbstractHttpResponseCodec.decode(AbstractHttpResponseCodec.java:80)
	at org.openqa.selenium.remote.http.AbstractHttpResponseCodec.decode(AbstractHttpResponseCodec.java:44)
	at org.openqa.selenium.remote.HttpCommandExecutor.execute(HttpCommandExecutor.java:158)
	at org.openqa.selenium.remote.service.DriverCommandExecutor.execute(DriverCommandExecutor.java:83)
	at org.openqa.selenium.remote.RemoteWebDriver.execute(RemoteWebDriver.java:545)
	at org.openqa.selenium.remote.RemoteWebDriver.findElements(RemoteWebDriver.java:346)
	at org.openqa.selenium.remote.RemoteWebDriver.findElementsByXPath(RemoteWebDriver.java:425)
	at org.openqa.selenium.By$ByXPath.findElements(By.java:356)
	at org.openqa.selenium.remote.RemoteWebDriver.findElements(RemoteWebDriver.java:307)
	at org.openqa.selenium.support.ui.ExpectedConditions.findElement(ExpectedConditions.java:895)
	at org.openqa.selenium.support.ui.ExpectedConditions.access$000(ExpectedConditions.java:44)
	at org.openqa.selenium.support.ui.ExpectedConditions$7.apply(ExpectedConditions.java:206)
	at org.openqa.selenium.support.ui.ExpectedConditions$7.apply(ExpectedConditions.java:202)
	at org.openqa.selenium.support.ui.ExpectedConditions$22.apply(ExpectedConditions.java:657)
	at org.openqa.selenium.support.ui.ExpectedConditions$22.apply(ExpectedConditions.java:654)
	at org.openqa.selenium.support.ui.FluentWait.until(FluentWait.java:248)
	at com.mobicom.helpers.Utility.waitForElement(Utility.java:38)
	at com.mobicom.helpers.Utility.findElement(Utility.java:53)
	at com.mobicom.tests.HomePageTest.clickBasicInfoInMenu(HomePageTest.java:57)
... Removed 29 stack frames
</div> <!-- stack-trace -->
                </div> <!-- method-content -->
              </div> <!-- method -->
              <div class="method">
                <div class="method-content">
                  <a name="clickClubFacilitiesInMenu">
                  </a> <!-- clickClubFacilitiesInMenu -->
                  <span class="method-name">clickClubFacilitiesInMenu</span>
                  <div class="stack-trace">org.openqa.selenium.UnsupportedCommandException: A session with id = &apos;FA7C9533-8A52-441C-AFE9-57B4A37B77DF&apos; was not found.
Command duration or timeout: 17 milliseconds
Build info: version: &apos;3.11.0&apos;, revision: &apos;e59cfb3&apos;, time: &apos;2018-03-11T20:33:15.31Z&apos;
System info: host: &apos;Mobicoms-Mac-mini-2.local&apos;, ip: &apos;fe80:0:0:0:1429:950e:2263:4826%en0&apos;, os.name: &apos;Mac OS X&apos;, os.arch: &apos;x86_64&apos;, os.version: &apos;10.13.3&apos;, java.version: &apos;1.8.0_144&apos;
Driver info: org.openqa.selenium.safari.SafariDriver
Capabilities {applicationCacheEnabled: true, browserName: safari, cleanSession: true, cssSelectorsEnabled: true, databaseEnabled: true, handlesAlerts: true, javascriptEnabled: true, locationContextEnabled: false, nativeEvents: true, platform: MAC, platformName: MAC, rotatable: false, version: 13604.5.6, webStorageEnabled: true}
Session ID: FA7C9533-8A52-441C-AFE9-57B4A37B77DF
*** Element info: {Using=xpath, value=//span[text()=&apos;Club Profile&apos;]}
	at org.openqa.selenium.remote.ErrorHandler.createThrowable(ErrorHandler.java:214)
	at org.openqa.selenium.remote.ErrorHandler.throwIfResponseFailed(ErrorHandler.java:166)
	at org.openqa.selenium.remote.RemoteWebDriver.execute(RemoteWebDriver.java:579)
	at org.openqa.selenium.remote.RemoteWebDriver.findElements(RemoteWebDriver.java:346)
	at org.openqa.selenium.remote.RemoteWebDriver.findElementsByXPath(RemoteWebDriver.java:425)
	at org.openqa.selenium.By$ByXPath.findElements(By.java:356)
	at org.openqa.selenium.remote.RemoteWebDriver.findElements(RemoteWebDriver.java:307)
	at org.openqa.selenium.support.ui.ExpectedConditions.findElement(ExpectedConditions.java:895)
	at org.openqa.selenium.support.ui.ExpectedConditions.access$000(ExpectedConditions.java:44)
	at org.openqa.selenium.support.ui.ExpectedConditions$7.apply(ExpectedConditions.java:206)
	at org.openqa.selenium.support.ui.ExpectedConditions$7.apply(ExpectedConditions.java:202)
	at org.openqa.selenium.support.ui.ExpectedConditions$22.apply(ExpectedConditions.java:657)
	at org.openqa.selenium.support.ui.ExpectedConditions$22.apply(ExpectedConditions.java:654)
	at org.openqa.selenium.support.ui.FluentWait.until(FluentWait.java:248)
	at com.mobicom.helpers.Utility.waitForElement(Utility.java:38)
	at com.mobicom.helpers.Utility.findElement(Utility.java:53)
	at com.mobicom.tests.HomePageTest.clickClubFacilitiesInMenu(HomePageTest.java:64)
... Removed 29 stack frames
</div> <!-- stack-trace -->
                </div> <!-- method-content -->
              </div> <!-- method -->
              <div class="method">
                <div class="method-content">
                  <a name="clickClubProfileInMenu">
                  </a> <!-- clickClubProfileInMenu -->
                  <span class="method-name">clickClubProfileInMenu</span>
                  <div class="stack-trace">java.lang.AssertionError: Basic Info not found expected [true] but found [false]
	at com.mobicom.tests.HomePageTest.clickClubProfileInMenu(HomePageTest.java:51)
... Removed 28 stack frames
</div> <!-- stack-trace -->
                </div> <!-- method-content -->
              </div> <!-- method -->
            </div> <!-- main-panel-content rounded-window-bottom -->
          </div> <!-- suite-Suite-class-failed -->
          <div class="suite-Suite-class-passed">
            <div class="main-panel-header rounded-window-top">
              <img src="passed.png"/>
              <span class="class-name">com.mobicom.tests.LoginTest</span>
            </div> <!-- main-panel-header rounded-window-top -->
            <div class="main-panel-content rounded-window-bottom">
              <div class="method">
                <div class="method-content">
                  <a name="loginToClub">
                  </a> <!-- loginToClub -->
                  <span class="method-name">loginToClub</span>
                </div> <!-- method-content -->
              </div> <!-- method -->
              <div class="method">
                <div class="method-content">
                  <a name="testLoginPageElements(By.xpath: //button[@id=&#039;proceed-btn&#039;], Login button not found)">
                  </a> <!-- testLoginPageElements(By.xpath: //button[@id='proceed-btn'], Login button not found) -->
                  <span class="method-name">testLoginPageElements</span>
                  <span class="parameters">(By.xpath: //button[@id='proceed-btn'], Login button not found)</span>
                </div> <!-- method-content -->
              </div> <!-- method -->
              <div class="method">
                <div class="method-content">
                  <a name="testLoginPageElements(By.xpath: //input[@name=&#039;password&#039;], Password field not found)">
                  </a> <!-- testLoginPageElements(By.xpath: //input[@name='password'], Password field not found) -->
                  <span class="method-name">testLoginPageElements</span>
                  <span class="parameters">(By.xpath: //input[@name='password'], Password field not found)</span>
                </div> <!-- method-content -->
              </div> <!-- method -->
              <div class="method">
                <div class="method-content">
                  <a name="testLoginPageElements(By.xpath: //input[@name=&#039;username&#039;], Username field not found)">
                  </a> <!-- testLoginPageElements(By.xpath: //input[@name='username'], Username field not found) -->
                  <span class="method-name">testLoginPageElements</span>
                  <span class="parameters">(By.xpath: //input[@name='username'], Username field not found)</span>
                </div> <!-- method-content -->
              </div> <!-- method -->
            </div> <!-- main-panel-content rounded-window-bottom -->
          </div> <!-- suite-Suite-class-passed -->
          <div class="suite-Suite-class-passed">
            <div class="main-panel-header rounded-window-top">
              <img src="passed.png"/>
              <span class="class-name">com.mobicom.tests.HomePageTest</span>
            </div> <!-- main-panel-header rounded-window-top -->
            <div class="main-panel-content rounded-window-bottom">
              <div class="method">
                <div class="method-content">
                  <a name="clickDashboardInMenu">
                  </a> <!-- clickDashboardInMenu -->
                  <span class="method-name">clickDashboardInMenu</span>
                </div> <!-- method-content -->
              </div> <!-- method -->
              <div class="method">
                <div class="method-content">
                  <a name="testHomePageElements(By.xpath: //b[text()=&#039;Year Founded&#039;], Year founded label not found)">
                  </a> <!-- testHomePageElements(By.xpath: //b[text()='Year Founded'], Year founded label not found) -->
                  <span class="method-name">testHomePageElements</span>
                  <span class="parameters">(By.xpath: //b[text()='Year Founded'], Year founded label not found)</span>
                </div> <!-- method-content -->
              </div> <!-- method -->
              <div class="method">
                <div class="method-content">
                  <a name="testHomePageElements(By.xpath: //h4[text()=&#039;Club Management System&#039;], Page header not found)">
                  </a> <!-- testHomePageElements(By.xpath: //h4[text()='Club Management System'], Page header not found) -->
                  <span class="method-name">testHomePageElements</span>
                  <span class="parameters">(By.xpath: //h4[text()='Club Management System'], Page header not found)</span>
                </div> <!-- method-content -->
              </div> <!-- method -->
              <div class="method">
                <div class="method-content">
                  <a name="testHomePageElements(By.xpath: //b[text()=&#039;Year Founded&#039;]/following-sibling::a, Year founded value not found)">
                  </a> <!-- testHomePageElements(By.xpath: //b[text()='Year Founded']/following-sibling::a, Year founded value not found) -->
                  <span class="method-name">testHomePageElements</span>
                  <span class="parameters">(By.xpath: //b[text()='Year Founded']/following-sibling::a, Year founded value not found)</span>
                </div> <!-- method-content -->
              </div> <!-- method -->
            </div> <!-- main-panel-content rounded-window-bottom -->
          </div> <!-- suite-Suite-class-passed -->
        </div> <!-- panel Suite -->
        <div panel-name="test-xml-Suite" class="panel">
          <div class="main-panel-header rounded-window-top">
            <span class="header-content">/Volumes/Development/PlatinumClubNet/testng.xml</span>
          </div> <!-- main-panel-header rounded-window-top -->
          <div class="main-panel-content rounded-window-bottom">
            <pre>
&lt;?xml version=&quot;1.0&quot; encoding=&quot;UTF-8&quot;?&gt;
&lt;!DOCTYPE suite SYSTEM &quot;http://testng.org/testng-1.0.dtd&quot;&gt;
&lt;suite guice-stage=&quot;DEVELOPMENT&quot; name=&quot;Suite&quot;&gt;
  &lt;test thread-count=&quot;5&quot; name=&quot;Chrome on mac&quot;&gt;
    &lt;parameter name=&quot;testItem&quot; value=&quot;Safari on mac&quot;/&gt;
    &lt;classes&gt;
      &lt;class name=&quot;com.mobicom.tests.LoginTest&quot;/&gt;
      &lt;class name=&quot;com.mobicom.tests.HomePageTest&quot;/&gt;
      &lt;class name=&quot;com.mobicom.tests.AddFacilityTest&quot;/&gt;
    &lt;/classes&gt;
  &lt;/test&gt; &lt;!-- Chrome on mac --&gt;
&lt;/suite&gt; &lt;!-- Suite --&gt;
            </pre>
          </div> <!-- main-panel-content rounded-window-bottom -->
        </div> <!-- panel -->
        <div panel-name="testlist-Suite" class="panel">
          <div class="main-panel-header rounded-window-top">
            <span class="header-content">Tests for Suite</span>
          </div> <!-- main-panel-header rounded-window-top -->
          <div class="main-panel-content rounded-window-bottom">
            <ul>
              <li>
                <span class="test-name">Chrome on mac (3 classes)</span>
              </li>
            </ul>
          </div> <!-- main-panel-content rounded-window-bottom -->
        </div> <!-- panel -->
        <div panel-name="group-Suite" class="panel">
          <div class="main-panel-header rounded-window-top">
            <span class="header-content">Groups for Suite</span>
          </div> <!-- main-panel-header rounded-window-top -->
          <div class="main-panel-content rounded-window-bottom">
          </div> <!-- main-panel-content rounded-window-bottom -->
        </div> <!-- panel -->
        <div panel-name="times-Suite" class="panel">
          <div class="main-panel-header rounded-window-top">
            <span class="header-content">Times for Suite</span>
          </div> <!-- main-panel-header rounded-window-top -->
          <div class="main-panel-content rounded-window-bottom">
            <div class="times-div">
              <script type="text/javascript">
suiteTableInitFunctions.push('tableData_Suite');
function tableData_Suite() {
var data = new google.visualization.DataTable();
data.addColumn('number', 'Number');
data.addColumn('string', 'Method');
data.addColumn('string', 'Class');
data.addColumn('number', 'Time (ms)');
data.addRows(27);
data.setCell(0, 0, 0)
data.setCell(0, 1, 'clickClubProfileInMenu')
data.setCell(0, 2, 'com.mobicom.tests.HomePageTest')
data.setCell(0, 3, 10710);
data.setCell(1, 0, 1)
data.setCell(1, 1, 'clickBasicInfoInMenu')
data.setCell(1, 2, 'com.mobicom.tests.HomePageTest')
data.setCell(1, 3, 8535);
data.setCell(2, 0, 2)
data.setCell(2, 1, 'loginToClub')
data.setCell(2, 2, 'com.mobicom.tests.LoginTest')
data.setCell(2, 3, 828);
data.setCell(3, 0, 3)
data.setCell(3, 1, 'clickDashboardInMenu')
data.setCell(3, 2, 'com.mobicom.tests.HomePageTest')
data.setCell(3, 3, 605);
data.setCell(4, 0, 4)
data.setCell(4, 1, 'testLoginPageElements')
data.setCell(4, 2, 'com.mobicom.tests.LoginTest')
data.setCell(4, 3, 48);
data.setCell(5, 0, 5)
data.setCell(5, 1, 'testHomePageElements')
data.setCell(5, 2, 'com.mobicom.tests.HomePageTest')
data.setCell(5, 3, 43);
data.setCell(6, 0, 6)
data.setCell(6, 1, 'enterFacilityRules')
data.setCell(6, 2, 'com.mobicom.tests.AddFacilityTest')
data.setCell(6, 3, 40);
data.setCell(7, 0, 7)
data.setCell(7, 1, 'clickSelectImage')
data.setCell(7, 2, 'com.mobicom.tests.AddFacilityTest')
data.setCell(7, 3, 38);
data.setCell(8, 0, 8)
data.setCell(8, 1, 'enterFacilityDescription')
data.setCell(8, 2, 'com.mobicom.tests.AddFacilityTest')
data.setCell(8, 3, 32);
data.setCell(9, 0, 9)
data.setCell(9, 1, 'testLoginPageElements')
data.setCell(9, 2, 'com.mobicom.tests.LoginTest')
data.setCell(9, 3, 26);
data.setCell(10, 0, 10)
data.setCell(10, 1, 'testLoginPageElements')
data.setCell(10, 2, 'com.mobicom.tests.LoginTest')
data.setCell(10, 3, 26);
data.setCell(11, 0, 11)
data.setCell(11, 1, 'testHomePageElements')
data.setCell(11, 2, 'com.mobicom.tests.HomePageTest')
data.setCell(11, 3, 25);
data.setCell(12, 0, 12)
data.setCell(12, 1, 'testHomePageElements')
data.setCell(12, 2, 'com.mobicom.tests.HomePageTest')
data.setCell(12, 3, 25);
data.setCell(13, 0, 13)
data.setCell(13, 1, 'clickClubFacilitiesInMenu')
data.setCell(13, 2, 'com.mobicom.tests.HomePageTest')
data.setCell(13, 3, 22);
data.setCell(14, 0, 14)
data.setCell(14, 1, 'selectAnImage')
data.setCell(14, 2, 'com.mobicom.tests.AddFacilityTest')
data.setCell(14, 3, 18);
data.setCell(15, 0, 15)
data.setCell(15, 1, 'clickClubFacilitiesInMenu')
data.setCell(15, 2, 'com.mobicom.tests.AddFacilityTest')
data.setCell(15, 3, 15);
data.setCell(16, 0, 16)
data.setCell(16, 1, 'verifyClubFacilitiesElements')
data.setCell(16, 2, 'com.mobicom.tests.AddFacilityTest')
data.setCell(16, 3, 12);
data.setCell(17, 0, 17)
data.setCell(17, 1, 'deleteFacility')
data.setCell(17, 2, 'com.mobicom.tests.AddFacilityTest')
data.setCell(17, 3, 11);
data.setCell(18, 0, 18)
data.setCell(18, 1, 'clickDaysOfWeekButton')
data.setCell(18, 2, 'com.mobicom.tests.AddFacilityTest')
data.setCell(18, 3, 11);
data.setCell(19, 0, 19)
data.setCell(19, 1, 'verifyClubFacilitiesElements')
data.setCell(19, 2, 'com.mobicom.tests.AddFacilityTest')
data.setCell(19, 3, 11);
data.setCell(20, 0, 20)
data.setCell(20, 1, 'enterFacilityName')
data.setCell(20, 2, 'com.mobicom.tests.AddFacilityTest')
data.setCell(20, 3, 11);
data.setCell(21, 0, 21)
data.setCell(21, 1, 'publishNewfacility')
data.setCell(21, 2, 'com.mobicom.tests.AddFacilityTest')
data.setCell(21, 3, 10);
data.setCell(22, 0, 22)
data.setCell(22, 1, 'clickSaveButton')
data.setCell(22, 2, 'com.mobicom.tests.AddFacilityTest')
data.setCell(22, 3, 10);
data.setCell(23, 0, 23)
data.setCell(23, 1, 'enterFacilityCancellationPolicy')
data.setCell(23, 2, 'com.mobicom.tests.AddFacilityTest')
data.setCell(23, 3, 9);
data.setCell(24, 0, 24)
data.setCell(24, 1, 'verifyClubFacilitiesElements')
data.setCell(24, 2, 'com.mobicom.tests.AddFacilityTest')
data.setCell(24, 3, 9);
data.setCell(25, 0, 25)
data.setCell(25, 1, 'selectFacilityCategory')
data.setCell(25, 2, 'com.mobicom.tests.AddFacilityTest')
data.setCell(25, 3, 8);
data.setCell(26, 0, 26)
data.setCell(26, 1, 'clickAddFacilitiesInMenu')
data.setCell(26, 2, 'com.mobicom.tests.AddFacilityTest')
data.setCell(26, 3, 7);
window.suiteTableData['Suite']= { tableData: data, tableDiv: 'times-div-Suite'}
return data;
}
              </script>
              <span class="suite-total-time">Total running time: 21 seconds</span>
              <div id="times-div-Suite">
              </div> <!-- times-div-Suite -->
            </div> <!-- times-div -->
          </div> <!-- main-panel-content rounded-window-bottom -->
        </div> <!-- panel -->
        <div panel-name="reporter-Suite" class="panel">
          <div class="main-panel-header rounded-window-top">
            <span class="header-content">Reporter output for Suite</span>
          </div> <!-- main-panel-header rounded-window-top -->
          <div class="main-panel-content rounded-window-bottom">
          </div> <!-- main-panel-content rounded-window-bottom -->
        </div> <!-- panel -->
        <div panel-name="ignored-methods-Suite" class="panel">
          <div class="main-panel-header rounded-window-top">
            <span class="header-content">0 ignored methods</span>
          </div> <!-- main-panel-header rounded-window-top -->
          <div class="main-panel-content rounded-window-bottom">
          </div> <!-- main-panel-content rounded-window-bottom -->
        </div> <!-- panel -->
        <div panel-name="chronological-Suite" class="panel">
          <div class="main-panel-header rounded-window-top">
            <span class="header-content">Methods in chronological order</span>
          </div> <!-- main-panel-header rounded-window-top -->
          <div class="main-panel-content rounded-window-bottom">
            <div class="chronological-class">
              <div class="chronological-class-name">com.mobicom.tests.LoginTest</div> <!-- chronological-class-name -->
              <div class="configuration-class before">
                <span class="method-name">beforeTheClass(Safari on mac)</span>
                <span class="method-start">0 ms</span>
              </div> <!-- configuration-class before -->
              <div class="configuration-method before">
                <span class="method-name">beginTest(public void com.mobicom.tests.LoginTest.testLoginPageElements(org.openqa.selenium.By,java.lang.Strin...)</span>
                <span class="method-start">2690 ms</span>
              </div> <!-- configuration-method before -->
              <div class="test-method">
                <span class="method-name">testLoginPageElements(By.xpath: //input[@name='username'], Username field not found)</span>
                <span class="method-start">2695 ms</span>
              </div> <!-- test-method -->
              <div class="configuration-method after">
                <span class="method-name">exportReports([TestResult name=testLoginPageElements status=SUCCESS method=LoginTest.testLoginPageElements(org.ope...)</span>
                <span class="method-start">2745 ms</span>
              </div> <!-- configuration-method after -->
              <div class="configuration-method before">
                <span class="method-name">beginTest(public void com.mobicom.tests.LoginTest.testLoginPageElements(org.openqa.selenium.By,java.lang.Strin...)</span>
                <span class="method-start">2752 ms</span>
              </div> <!-- configuration-method before -->
              <div class="test-method">
                <span class="method-name">testLoginPageElements(By.xpath: //input[@name='password'], Password field not found)</span>
                <span class="method-start">2752 ms</span>
              </div> <!-- test-method -->
              <div class="configuration-method after">
                <span class="method-name">exportReports([TestResult name=testLoginPageElements status=SUCCESS method=LoginTest.testLoginPageElements(org.ope...)</span>
                <span class="method-start">2779 ms</span>
              </div> <!-- configuration-method after -->
              <div class="configuration-method before">
                <span class="method-name">beginTest(public void com.mobicom.tests.LoginTest.testLoginPageElements(org.openqa.selenium.By,java.lang.Strin...)</span>
                <span class="method-start">2780 ms</span>
              </div> <!-- configuration-method before -->
              <div class="test-method">
                <span class="method-name">testLoginPageElements(By.xpath: //button[@id='proceed-btn'], Login button not found)</span>
                <span class="method-start">2780 ms</span>
              </div> <!-- test-method -->
              <div class="configuration-method after">
                <span class="method-name">exportReports([TestResult name=testLoginPageElements status=SUCCESS method=LoginTest.testLoginPageElements(org.ope...)</span>
                <span class="method-start">2807 ms</span>
              </div> <!-- configuration-method after -->
              <div class="configuration-method before">
                <span class="method-name">beginTest(public void com.mobicom.tests.LoginTest.loginToClub())</span>
                <span class="method-start">2810 ms</span>
              </div> <!-- configuration-method before -->
              <div class="test-method">
                <span class="method-name">loginToClub</span>
                <span class="method-start">2811 ms</span>
              </div> <!-- test-method -->
              <div class="configuration-method after">
                <span class="method-name">exportReports([TestResult name=loginToClub status=SUCCESS method=LoginTest.loginToClub()[pri:2, instance:com.mobic...)</span>
                <span class="method-start">3640 ms</span>
              </div> <!-- configuration-method after -->
            </div> <!-- chronological-class -->
            <div class="chronological-class">
              <div class="chronological-class-name">com.mobicom.tests.HomePageTest</div> <!-- chronological-class-name -->
              <div class="configuration-class before">
                <span class="method-name">beforeTheClass(Safari on mac)</span>
                <span class="method-start">3642 ms</span>
              </div> <!-- configuration-class before -->
              <div class="configuration-method before">
                <span class="method-name">beginTest(public void com.mobicom.tests.HomePageTest.testHomePageElements(org.openqa.selenium.By,java.lang.Str...)</span>
                <span class="method-start">3644 ms</span>
              </div> <!-- configuration-method before -->
              <div class="test-method">
                <span class="method-name">testHomePageElements(By.xpath: //h4[text()='Club Management System'], Page header not found)</span>
                <span class="method-start">3644 ms</span>
              </div> <!-- test-method -->
              <div class="configuration-method after">
                <span class="method-name">exportReports([TestResult name=testHomePageElements status=SUCCESS method=HomePageTest.testHomePageElements(org.op...)</span>
                <span class="method-start">3670 ms</span>
              </div> <!-- configuration-method after -->
              <div class="configuration-method before">
                <span class="method-name">beginTest(public void com.mobicom.tests.HomePageTest.testHomePageElements(org.openqa.selenium.By,java.lang.Str...)</span>
                <span class="method-start">3671 ms</span>
              </div> <!-- configuration-method before -->
              <div class="test-method">
                <span class="method-name">testHomePageElements(By.xpath: //b[text()='Year Founded'], Year founded label not found)</span>
                <span class="method-start">3672 ms</span>
              </div> <!-- test-method -->
              <div class="configuration-method after">
                <span class="method-name">exportReports([TestResult name=testHomePageElements status=SUCCESS method=HomePageTest.testHomePageElements(org.op...)</span>
                <span class="method-start">3716 ms</span>
              </div> <!-- configuration-method after -->
              <div class="configuration-method before">
                <span class="method-name">beginTest(public void com.mobicom.tests.HomePageTest.testHomePageElements(org.openqa.selenium.By,java.lang.Str...)</span>
                <span class="method-start">3717 ms</span>
              </div> <!-- configuration-method before -->
              <div class="test-method">
                <span class="method-name">testHomePageElements(By.xpath: //b[text()='Year Founded']/following-sibling::a, Year founded value not found)</span>
                <span class="method-start">3717 ms</span>
              </div> <!-- test-method -->
              <div class="configuration-method after">
                <span class="method-name">exportReports([TestResult name=testHomePageElements status=SUCCESS method=HomePageTest.testHomePageElements(org.op...)</span>
                <span class="method-start">3743 ms</span>
              </div> <!-- configuration-method after -->
              <div class="configuration-method before">
                <span class="method-name">beginTest(public void com.mobicom.tests.HomePageTest.clickDashboardInMenu())</span>
                <span class="method-start">3744 ms</span>
              </div> <!-- configuration-method before -->
              <div class="test-method">
                <span class="method-name">clickDashboardInMenu</span>
                <span class="method-start">3745 ms</span>
              </div> <!-- test-method -->
              <div class="configuration-method after">
                <span class="method-name">exportReports([TestResult name=clickDashboardInMenu status=SUCCESS method=HomePageTest.clickDashboardInMenu()[pri:...)</span>
                <span class="method-start">4351 ms</span>
              </div> <!-- configuration-method after -->
              <div class="configuration-method before">
                <span class="method-name">beginTest(public void com.mobicom.tests.HomePageTest.clickClubProfileInMenu())</span>
                <span class="method-start">4353 ms</span>
              </div> <!-- configuration-method before -->
              <div class="test-method">
                <img src="failed.png">
                </img>
                <span class="method-name">clickClubProfileInMenu</span>
                <span class="method-start">4353 ms</span>
              </div> <!-- test-method -->
              <div class="configuration-method after">
                <span class="method-name">exportReports([TestResult name=clickClubProfileInMenu status=FAILURE method=HomePageTest.clickClubProfileInMenu()[...)</span>
                <span class="method-start">15066 ms</span>
              </div> <!-- configuration-method after -->
              <div class="configuration-method before">
                <span class="method-name">beginTest(public void com.mobicom.tests.HomePageTest.clickBasicInfoInMenu())</span>
                <span class="method-start">15068 ms</span>
              </div> <!-- configuration-method before -->
              <div class="test-method">
                <img src="failed.png">
                </img>
                <span class="method-name">clickBasicInfoInMenu</span>
                <span class="method-start">15069 ms</span>
              </div> <!-- test-method -->
              <div class="configuration-method after">
                <span class="method-name">exportReports([TestResult name=clickBasicInfoInMenu status=FAILURE method=HomePageTest.clickBasicInfoInMenu()[pri:...)</span>
                <span class="method-start">23605 ms</span>
              </div> <!-- configuration-method after -->
              <div class="configuration-method before">
                <span class="method-name">beginTest(public void com.mobicom.tests.HomePageTest.clickClubFacilitiesInMenu())</span>
                <span class="method-start">23608 ms</span>
              </div> <!-- configuration-method before -->
              <div class="test-method">
                <img src="failed.png">
                </img>
                <span class="method-name">clickClubFacilitiesInMenu</span>
                <span class="method-start">23608 ms</span>
              </div> <!-- test-method -->
              <div class="configuration-method after">
                <span class="method-name">exportReports([TestResult name=clickClubFacilitiesInMenu status=FAILURE method=HomePageTest.clickClubFacilitiesInM...)</span>
                <span class="method-start">23635 ms</span>
              </div> <!-- configuration-method after -->
            </div> <!-- chronological-class -->
            <div class="chronological-class">
              <div class="chronological-class-name">com.mobicom.tests.AddFacilityTest</div> <!-- chronological-class-name -->
              <div class="configuration-class before">
                <span class="method-name">beforeTheClass(Safari on mac)</span>
                <span class="method-start">23637 ms</span>
              </div> <!-- configuration-class before -->
              <div class="configuration-method before">
                <span class="method-name">beginTest(public void com.mobicom.tests.AddFacilityTest.clickClubFacilitiesInMenu())</span>
                <span class="method-start">23638 ms</span>
              </div> <!-- configuration-method before -->
              <div class="test-method">
                <img src="failed.png">
                </img>
                <span class="method-name">clickClubFacilitiesInMenu</span>
                <span class="method-start">23639 ms</span>
              </div> <!-- test-method -->
              <div class="configuration-method after">
                <span class="method-name">exportReports([TestResult name=clickClubFacilitiesInMenu status=FAILURE method=AddFacilityTest.clickClubFacilities...)</span>
                <span class="method-start">23656 ms</span>
              </div> <!-- configuration-method after -->
              <div class="configuration-method before">
                <span class="method-name">beginTest(public void com.mobicom.tests.AddFacilityTest.verifyClubFacilitiesElements(org.openqa.selenium.By,ja...)</span>
                <span class="method-start">23662 ms</span>
              </div> <!-- configuration-method before -->
              <div class="test-method">
                <img src="failed.png">
                </img>
                <span class="method-name">verifyClubFacilitiesElements(By.xpath: //p[@class="card-header"]/b, Add facilities button not found)</span>
                <span class="method-start">23662 ms</span>
              </div> <!-- test-method -->
              <div class="configuration-method after">
                <span class="method-name">exportReports([TestResult name=verifyClubFacilitiesElements status=FAILURE method=AddFacilityTest.verifyClubFacili...)</span>
                <span class="method-start">23674 ms</span>
              </div> <!-- configuration-method after -->
              <div class="configuration-method before">
                <span class="method-name">beginTest(public void com.mobicom.tests.AddFacilityTest.verifyClubFacilitiesElements(org.openqa.selenium.By,ja...)</span>
                <span class="method-start">23676 ms</span>
              </div> <!-- configuration-method before -->
              <div class="test-method">
                <img src="failed.png">
                </img>
                <span class="method-name">verifyClubFacilitiesElements(By.xpath: //div[@class="card-header ellip"]/b[text()='New Test Facility'], Added facility not found)</span>
                <span class="method-start">23676 ms</span>
              </div> <!-- test-method -->
              <div class="configuration-method after">
                <span class="method-name">exportReports([TestResult name=verifyClubFacilitiesElements status=FAILURE method=AddFacilityTest.verifyClubFacili...)</span>
                <span class="method-start">23690 ms</span>
              </div> <!-- configuration-method after -->
              <div class="configuration-method before">
                <span class="method-name">beginTest(public void com.mobicom.tests.AddFacilityTest.verifyClubFacilitiesElements(org.openqa.selenium.By,ja...)</span>
                <span class="method-start">23691 ms</span>
              </div> <!-- configuration-method before -->
              <div class="test-method">
                <img src="failed.png">
                </img>
                <span class="method-name">verifyClubFacilitiesElements(By.xpath: //a[@title='Delete'], Delete button not found)</span>
                <span class="method-start">23692 ms</span>
              </div> <!-- test-method -->
              <div class="configuration-method after">
                <span class="method-name">exportReports([TestResult name=verifyClubFacilitiesElements status=FAILURE method=AddFacilityTest.verifyClubFacili...)</span>
                <span class="method-start">23703 ms</span>
              </div> <!-- configuration-method after -->
              <div class="configuration-method before">
                <span class="method-name">beginTest(public void com.mobicom.tests.AddFacilityTest.clickAddFacilitiesInMenu())</span>
                <span class="method-start">23705 ms</span>
              </div> <!-- configuration-method before -->
              <div class="test-method">
                <img src="failed.png">
                </img>
                <span class="method-name">clickAddFacilitiesInMenu</span>
                <span class="method-start">23705 ms</span>
              </div> <!-- test-method -->
              <div class="configuration-method after">
                <span class="method-name">exportReports([TestResult name=clickAddFacilitiesInMenu status=FAILURE method=AddFacilityTest.clickAddFacilitiesIn...)</span>
                <span class="method-start">23714 ms</span>
              </div> <!-- configuration-method after -->
              <div class="configuration-method before">
                <span class="method-name">beginTest(public void com.mobicom.tests.AddFacilityTest.clickSelectImage())</span>
                <span class="method-start">23716 ms</span>
              </div> <!-- configuration-method before -->
              <div class="test-method">
                <img src="failed.png">
                </img>
                <span class="method-name">clickSelectImage</span>
                <span class="method-start">23716 ms</span>
              </div> <!-- test-method -->
              <div class="configuration-method after">
                <span class="method-name">exportReports([TestResult name=clickSelectImage status=FAILURE method=AddFacilityTest.clickSelectImage()[pri:92, i...)</span>
                <span class="method-start">23756 ms</span>
              </div> <!-- configuration-method after -->
              <div class="configuration-method before">
                <span class="method-name">beginTest(public void com.mobicom.tests.AddFacilityTest.selectAnImage())</span>
                <span class="method-start">23758 ms</span>
              </div> <!-- configuration-method before -->
              <div class="test-method">
                <img src="failed.png">
                </img>
                <span class="method-name">selectAnImage</span>
                <span class="method-start">23761 ms</span>
              </div> <!-- test-method -->
              <div class="configuration-method after">
                <span class="method-name">exportReports([TestResult name=selectAnImage status=FAILURE method=AddFacilityTest.selectAnImage()[pri:93, instanc...)</span>
                <span class="method-start">23782 ms</span>
              </div> <!-- configuration-method after -->
              <div class="configuration-method before">
                <span class="method-name">beginTest(public void com.mobicom.tests.AddFacilityTest.enterFacilityName() throws java.lang.InterruptedExcept...)</span>
                <span class="method-start">23787 ms</span>
              </div> <!-- configuration-method before -->
              <div class="test-method">
                <img src="failed.png">
                </img>
                <span class="method-name">enterFacilityName</span>
                <span class="method-start">23787 ms</span>
              </div> <!-- test-method -->
              <div class="configuration-method after">
                <span class="method-name">exportReports([TestResult name=enterFacilityName status=FAILURE method=AddFacilityTest.enterFacilityName()[pri:94,...)</span>
                <span class="method-start">23801 ms</span>
              </div> <!-- configuration-method after -->
              <div class="configuration-method before">
                <span class="method-name">beginTest(public void com.mobicom.tests.AddFacilityTest.selectFacilityCategory())</span>
                <span class="method-start">23802 ms</span>
              </div> <!-- configuration-method before -->
              <div class="test-method">
                <img src="failed.png">
                </img>
                <span class="method-name">selectFacilityCategory</span>
                <span class="method-start">23803 ms</span>
              </div> <!-- test-method -->
              <div class="configuration-method after">
                <span class="method-name">exportReports([TestResult name=selectFacilityCategory status=FAILURE method=AddFacilityTest.selectFacilityCategory...)</span>
                <span class="method-start">23820 ms</span>
              </div> <!-- configuration-method after -->
              <div class="configuration-method before">
                <span class="method-name">beginTest(public void com.mobicom.tests.AddFacilityTest.enterFacilityDescription())</span>
                <span class="method-start">23821 ms</span>
              </div> <!-- configuration-method before -->
              <div class="test-method">
                <img src="failed.png">
                </img>
                <span class="method-name">enterFacilityDescription</span>
                <span class="method-start">23822 ms</span>
              </div> <!-- test-method -->
              <div class="configuration-method after">
                <span class="method-name">exportReports([TestResult name=enterFacilityDescription status=FAILURE method=AddFacilityTest.enterFacilityDescrip...)</span>
                <span class="method-start">23856 ms</span>
              </div> <!-- configuration-method after -->
              <div class="configuration-method before">
                <span class="method-name">beginTest(public void com.mobicom.tests.AddFacilityTest.enterFacilityRules())</span>
                <span class="method-start">23857 ms</span>
              </div> <!-- configuration-method before -->
              <div class="test-method">
                <img src="failed.png">
                </img>
                <span class="method-name">enterFacilityRules</span>
                <span class="method-start">23857 ms</span>
              </div> <!-- test-method -->
              <div class="configuration-method after">
                <span class="method-name">exportReports([TestResult name=enterFacilityRules status=FAILURE method=AddFacilityTest.enterFacilityRules()[pri:1...)</span>
                <span class="method-start">23901 ms</span>
              </div> <!-- configuration-method after -->
              <div class="configuration-method before">
                <span class="method-name">beginTest(public void com.mobicom.tests.AddFacilityTest.enterFacilityCancellationPolicy())</span>
                <span class="method-start">23903 ms</span>
              </div> <!-- configuration-method before -->
              <div class="test-method">
                <img src="failed.png">
                </img>
                <span class="method-name">enterFacilityCancellationPolicy</span>
                <span class="method-start">23903 ms</span>
              </div> <!-- test-method -->
              <div class="configuration-method after">
                <span class="method-name">exportReports([TestResult name=enterFacilityCancellationPolicy status=FAILURE method=AddFacilityTest.enterFacility...)</span>
                <span class="method-start">23913 ms</span>
              </div> <!-- configuration-method after -->
              <div class="configuration-method before">
                <span class="method-name">beginTest(public void com.mobicom.tests.AddFacilityTest.clickDaysOfWeekButton())</span>
                <span class="method-start">23915 ms</span>
              </div> <!-- configuration-method before -->
              <div class="test-method">
                <img src="failed.png">
                </img>
                <span class="method-name">clickDaysOfWeekButton</span>
                <span class="method-start">23916 ms</span>
              </div> <!-- test-method -->
              <div class="configuration-method after">
                <span class="method-name">exportReports([TestResult name=clickDaysOfWeekButton status=FAILURE method=AddFacilityTest.clickDaysOfWeekButton()...)</span>
                <span class="method-start">23928 ms</span>
              </div> <!-- configuration-method after -->
              <div class="configuration-method before">
                <span class="method-name">beginTest(public void com.mobicom.tests.AddFacilityTest.clickSaveButton() throws java.lang.InterruptedExceptio...)</span>
                <span class="method-start">23929 ms</span>
              </div> <!-- configuration-method before -->
              <div class="test-method">
                <img src="failed.png">
                </img>
                <span class="method-name">clickSaveButton</span>
                <span class="method-start">23930 ms</span>
              </div> <!-- test-method -->
              <div class="configuration-method after">
                <span class="method-name">exportReports([TestResult name=clickSaveButton status=FAILURE method=AddFacilityTest.clickSaveButton()[pri:110, in...)</span>
                <span class="method-start">23942 ms</span>
              </div> <!-- configuration-method after -->
              <div class="configuration-method before">
                <span class="method-name">beginTest(public void com.mobicom.tests.AddFacilityTest.publishNewfacility())</span>
                <span class="method-start">23944 ms</span>
              </div> <!-- configuration-method before -->
              <div class="test-method">
                <img src="failed.png">
                </img>
                <span class="method-name">publishNewfacility</span>
                <span class="method-start">23944 ms</span>
              </div> <!-- test-method -->
              <div class="configuration-method after">
                <span class="method-name">exportReports([TestResult name=publishNewfacility status=FAILURE method=AddFacilityTest.publishNewfacility()[pri:1...)</span>
                <span class="method-start">23955 ms</span>
              </div> <!-- configuration-method after -->
              <div class="configuration-method before">
                <span class="method-name">beginTest(public void com.mobicom.tests.AddFacilityTest.deleteFacility() throws java.lang.InterruptedException)</span>
                <span class="method-start">23958 ms</span>
              </div> <!-- configuration-method before -->
              <div class="test-method">
                <img src="failed.png">
                </img>
                <span class="method-name">deleteFacility</span>
                <span class="method-start">23959 ms</span>
              </div> <!-- test-method -->
              <div class="configuration-method after">
                <span class="method-name">exportReports([TestResult name=deleteFacility status=FAILURE method=AddFacilityTest.deleteFacility()[pri:112, inst...)</span>
                <span class="method-start">23971 ms</span>
              </div> <!-- configuration-method after -->
            </div> <!-- chronological-class -->
            <div class="chronological-class">
              <div class="chronological-class-name">com.mobicom.tests.LoginTest</div> <!-- chronological-class-name -->
              <div class="configuration-test after">
                <span class="method-name">endTest</span>
                <span class="method-start">23973 ms</span>
              </div> <!-- configuration-test after -->
          </div> <!-- main-panel-content rounded-window-bottom -->
        </div> <!-- panel -->
      </div> <!-- main-panel-root -->
    </div> <!-- wrapper -->
  </body>
</html>
