<?xml version="1.0" encoding="UTF-8"?>
<!-- Generated by org.testng.reporters.JUnitXMLReporter -->
<testsuite hostname="Mobicoms-Mac-mini-2.local" ignored="0" name="Chrome on mac" tests="22" failures="1" timestamp="02 May 2018 12:22:52 GMT" time="21.068" errors="0">
  <testcase name="testLoginPageElements" time="0.141" classname="com.mobicom.tests.LoginTest"/>
  <testcase name="testLoginPageElements" time="0.074" classname="com.mobicom.tests.LoginTest"/>
  <testcase name="testLoginPageElements" time="0.071" classname="com.mobicom.tests.LoginTest"/>
  <testcase name="loginToClub" time="1.919" classname="com.mobicom.tests.LoginTest"/>
  <testcase name="clickMemberAccessInMenu" time="1.379" classname="com.mobicom.tests.MemberAccessTest"/>
  <testcase name="verifyMemberAccessPageElements" time="0.062" classname="com.mobicom.tests.MemberAccessTest"/>
  <testcase name="verifyMemberAccessPageElements" time="0.08" classname="com.mobicom.tests.MemberAccessTest"/>
  <testcase name="verifyMemberAccessPageElements" time="0.059" classname="com.mobicom.tests.MemberAccessTest"/>
  <testcase name="verifyMemberAccessPageElements" time="0.062" classname="com.mobicom.tests.MemberAccessTest"/>
  <testcase name="verifyMemberAccessPageElements" time="0.06" classname="com.mobicom.tests.MemberAccessTest"/>
  <testcase name="verifyMemberAccessPageElements" time="0.064" classname="com.mobicom.tests.MemberAccessTest"/>
  <testcase name="verifyMemberAccessPageElements" time="0.062" classname="com.mobicom.tests.MemberAccessTest"/>
  <testcase name="verifyMemberAccessPageElements" time="0.071" classname="com.mobicom.tests.MemberAccessTest"/>
  <testcase name="clickAllowAccess" time="0.754" classname="com.mobicom.tests.MemberAccessTest"/>
  <testcase name="verifyAllowMemberAccessPageElements" time="0.053" classname="com.mobicom.tests.MemberAccessTest"/>
  <testcase name="verifyAllowMemberAccessPageElements" time="0.079" classname="com.mobicom.tests.MemberAccessTest"/>
  <testcase name="verifyAllowMemberAccessPageElements" time="0.043" classname="com.mobicom.tests.MemberAccessTest"/>
  <testcase name="verifyAllowMemberAccessPageElements" time="0.1" classname="com.mobicom.tests.MemberAccessTest"/>
  <testcase name="verifyAllowMemberAccessPageElements" time="0.091" classname="com.mobicom.tests.MemberAccessTest"/>
  <testcase name="verifyAllowMemberAccessPageElements" time="0.06" classname="com.mobicom.tests.MemberAccessTest"/>
  <testcase name="verifyAllowMemberAccessPageElements" time="0.062" classname="com.mobicom.tests.MemberAccessTest"/>
  <testcase name="verifyAllowMemberAccessPageElements" time="10.481" classname="com.mobicom.tests.MemberAccessTest">
    <failure type="java.lang.AssertionError" message="Allow access button not found expected [true] but found [false]">
      <![CDATA[java.lang.AssertionError: Allow access button not found expected [true] but found [false]
at com.mobicom.tests.MemberAccessTest.verifyAllowMemberAccessPageElements(MemberAccessTest.java:84)
... Removed 28 stack frames]]>
    </failure>
  </testcase> <!-- verifyAllowMemberAccessPageElements -->
</testsuite> <!-- Chrome on mac -->
