<?xml version="1.0" encoding="UTF-8"?>
<!-- Generated by org.testng.reporters.JUnitXMLReporter -->
<testsuite hostname="Mobicoms-Mac-mini-2.local" name="Test on Android device" tests="2" failures="0" timestamp="21 Nov 2017 10:52:16 GMT" time="0.075" errors="0">
  <testcase name="@BeforeClass beforeTheClass" time="0.0" classname="com.mobicom.tests.MerchantLoginTest">
    <failure type="java.lang.IllegalStateException" message="The driver executable does not exist: /Volumes/Development/MerchantCms2/chromedriver">
      <![CDATA[java.lang.IllegalStateException: The driver executable does not exist: /Volumes/Development/MerchantCms2/chromedriver
	at com.google.common.base.Preconditions.checkState(Preconditions.java:534)
	at org.openqa.selenium.remote.service.DriverService.checkExecutable(DriverService.java:136)
	at org.openqa.selenium.remote.service.DriverService.findExecutable(DriverService.java:131)
	at org.openqa.selenium.chrome.ChromeDriverService.access$000(ChromeDriverService.java:32)
	at org.openqa.selenium.chrome.ChromeDriverService$Builder.findDefaultExecutable(ChromeDriverService.java:137)
	at org.openqa.selenium.remote.service.DriverService$Builder.build(DriverService.java:329)
	at org.openqa.selenium.chrome.ChromeDriverService.createDefaultService(ChromeDriverService.java:88)
	at org.openqa.selenium.chrome.ChromeDriver.<init>(ChromeDriver.java:123)
	at com.mobicom.helpers.GetDriver.getDriver(GetDriver.java:30)
	at com.mobicom.helpers.GetDriver.returnDriver(GetDriver.java:16)
	at com.mobicom.tests.BaseTest.initTest(BaseTest.java:10)
	at com.mobicom.tests.MerchantLoginTest.beforeTheClass(MerchantLoginTest.java:19)
... Removed 23 stack frames]]>
    </failure>
  </testcase> <!-- @BeforeClass beforeTheClass -->
  <testcase name="@BeforeClass beforeTheClass" time="0.0" classname="com.mobicom.tests.SecondTestClass">
    <failure type="java.lang.IllegalStateException" message="The driver executable does not exist: /Volumes/Development/MerchantCms2/chromedriver">
      <![CDATA[java.lang.IllegalStateException: The driver executable does not exist: /Volumes/Development/MerchantCms2/chromedriver
	at com.google.common.base.Preconditions.checkState(Preconditions.java:534)
	at org.openqa.selenium.remote.service.DriverService.checkExecutable(DriverService.java:136)
	at org.openqa.selenium.remote.service.DriverService.findExecutable(DriverService.java:131)
	at org.openqa.selenium.chrome.ChromeDriverService.access$000(ChromeDriverService.java:32)
	at org.openqa.selenium.chrome.ChromeDriverService$Builder.findDefaultExecutable(ChromeDriverService.java:137)
	at org.openqa.selenium.remote.service.DriverService$Builder.build(DriverService.java:329)
	at org.openqa.selenium.chrome.ChromeDriverService.createDefaultService(ChromeDriverService.java:88)
	at org.openqa.selenium.chrome.ChromeDriver.<init>(ChromeDriver.java:123)
	at com.mobicom.helpers.GetDriver.getDriver(GetDriver.java:30)
	at com.mobicom.helpers.GetDriver.returnDriver(GetDriver.java:16)
	at com.mobicom.tests.BaseTest.initTest(BaseTest.java:10)
	at com.mobicom.tests.SecondTestClass.beforeTheClass(SecondTestClass.java:17)
... Removed 23 stack frames]]>
    </failure>
  </testcase> <!-- @BeforeClass beforeTheClass -->
  <testcase name="testUserName" time="0.0" classname="com.mobicom.tests.MerchantLoginTest">
    <skipped/>
  </testcase> <!-- testUserName -->
  <testcase name="testPassword" time="0.0" classname="com.mobicom.tests.SecondTestClass">
    <skipped/>
  </testcase> <!-- testPassword -->
</testsuite> <!-- Test on Android device -->
